
   WARN  Metadata found in doc-comment for method Tests\Feature\Livewire\AmaciFormTest::it_renders_successfully(). Metadata in doc-comments is deprecated and will no longer be supported in PHPUnit 12. Update your test code to use attributes instead.

   WARN  Metadata found in doc-comment for method Tests\Feature\Livewire\AmaciFormTest::it_can_create_an_amaci(). Metadata in doc-comments is deprecated and will no longer be supported in PHPUnit 12. Update your test code to use attributes instead.

   WARN  Metadata found in doc-comment for method Tests\Feature\Livewire\AmaciFormTest::it_loads_amacis_on_mount(). Metadata in doc-comments is deprecated and will no longer be supported in PHPUnit 12. Update your test code to use attributes instead.

   WARN  Metadata found in doc-comment for method Tests\Feature\Livewire\AmaciFormTest::it_can_edit_an_amaci(). Metadata in doc-comments is deprecated and will no longer be supported in PHPUnit 12. Update your test code to use attributes instead.

   WARN  Metadata found in doc-comment for method Tests\Feature\Livewire\AmaciFormTest::it_can_delete_an_amaci(). Metadata in doc-comments is deprecated and will no longer be supported in PHPUnit 12. Update your test code to use attributes instead.

   WARN  Metadata found in doc-comment for method Tests\Feature\Livewire\AmaciFormTest::it_can_cancel_editing(). Metadata in doc-comments is deprecated and will no longer be supported in PHPUnit 12. Update your test code to use attributes instead.

   WARN  Metadata found in doc-comment for method Tests\Feature\Livewire\AmaciFormTest::it_cannot_edit_another_users_amaci(). Metadata in doc-comments is deprecated and will no longer be supported in PHPUnit 12. Update your test code to use attributes instead.

   WARN  Metadata found in doc-comment for method Tests\Feature\Livewire\AmaciFormTest::it_cannot_delete_another_users_amaci(). Metadata in doc-comments is deprecated and will no longer be supported in PHPUnit 12. Update your test code to use attributes instead.

   WARN  Metadata found in doc-comment for method Tests\Feature\Livewire\AmaciFormTest::it_validates_date_format(). Metadata in doc-comments is deprecated and will no longer be supported in PHPUnit 12. Update your test code to use attributes instead.

   WARN  Metadata found in doc-comment for method Tests\Feature\Livewire\AmaciFormTest::it_validates_max_length(). Metadata in doc-comments is deprecated and will no longer be supported in PHPUnit 12. Update your test code to use attributes instead.

   WARN  Metadata found in doc-comment for method Tests\Feature\Livewire\AmaciFormTest::it_dispatches_profile_updated_event(). Metadata in doc-comments is deprecated and will no longer be supported in PHPUnit 12. Update your test code to use attributes instead.

   WARN  Metadata found in doc-comment for method Tests\Feature\Livewire\CrossingFormTest::it_renders_successfully(). Metadata in doc-comments is deprecated and will no longer be supported in PHPUnit 12. Update your test code to use attributes instead.

   WARN  Metadata found in doc-comment for method Tests\Feature\Livewire\CrossingFormTest::it_can_create_a_crossing(). Metadata in doc-comments is deprecated and will no longer be supported in PHPUnit 12. Update your test code to use attributes instead.

   WARN  Metadata found in doc-comment for method Tests\Feature\Livewire\CrossingFormTest::it_loads_crossings_on_mount(). Metadata in doc-comments is deprecated and will no longer be supported in PHPUnit 12. Update your test code to use attributes instead.

   WARN  Metadata found in doc-comment for method Tests\Feature\Livewire\CrossingFormTest::it_can_edit_a_crossing(). Metadata in doc-comments is deprecated and will no longer be supported in PHPUnit 12. Update your test code to use attributes instead.

   WARN  Metadata found in doc-comment for method Tests\Feature\Livewire\CrossingFormTest::it_can_delete_a_crossing(). Metadata in doc-comments is deprecated and will no longer be supported in PHPUnit 12. Update your test code to use attributes instead.

   WARN  Metadata found in doc-comment for method Tests\Feature\Livewire\CrossingFormTest::it_can_cancel_editing(). Metadata in doc-comments is deprecated and will no longer be supported in PHPUnit 12. Update your test code to use attributes instead.

   WARN  Metadata found in doc-comment for method Tests\Feature\Livewire\CrossingFormTest::it_cannot_edit_another_users_crossing(). Metadata in doc-comments is deprecated and will no longer be supported in PHPUnit 12. Update your test code to use attributes instead.

   WARN  Metadata found in doc-comment for method Tests\Feature\Livewire\CrossingFormTest::it_cannot_delete_another_users_crossing(). Metadata in doc-comments is deprecated and will no longer be supported in PHPUnit 12. Update your test code to use attributes instead.

   WARN  Metadata found in doc-comment for method Tests\Feature\Livewire\CrossingFormTest::it_validates_required_fields(). Metadata in doc-comments is deprecated and will no longer be supported in PHPUnit 12. Update your test code to use attributes instead.

   WARN  Metadata found in doc-comment for method Tests\Feature\Livewire\CrossingFormTest::it_validates_date_format(). Metadata in doc-comments is deprecated and will no longer be supported in PHPUnit 12. Update your test code to use attributes instead.

   WARN  Metadata found in doc-comment for method Tests\Feature\Livewire\CrossingFormTest::it_validates_max_length(). Metadata in doc-comments is deprecated and will no longer be supported in PHPUnit 12. Update your test code to use attributes instead.

   WARN  Metadata found in doc-comment for method Tests\Feature\Livewire\CrossingFormTest::it_shows_success_message_after_save(). Metadata in doc-comments is deprecated and will no longer be supported in PHPUnit 12. Update your test code to use attributes instead.

   WARN  Metadata found in doc-comment for method Tests\Feature\Livewire\CrossingFormTest::it_dispatches_profile_updated_event(). Metadata in doc-comments is deprecated and will no longer be supported in PHPUnit 12. Update your test code to use attributes instead.

   WARN  Metadata found in doc-comment for method Tests\Feature\Livewire\CrowningFormTest::it_renders_successfully(). Metadata in doc-comments is deprecated and will no longer be supported in PHPUnit 12. Update your test code to use attributes instead.

   WARN  Metadata found in doc-comment for method Tests\Feature\Livewire\CrowningFormTest::it_can_create_a_crowning(). Metadata in doc-comments is deprecated and will no longer be supported in PHPUnit 12. Update your test code to use attributes instead.

   WARN  Metadata found in doc-comment for method Tests\Feature\Livewire\CrowningFormTest::it_can_edit_a_crowning(). Metadata in doc-comments is deprecated and will no longer be supported in PHPUnit 12. Update your test code to use attributes instead.

   WARN  Metadata found in doc-comment for method Tests\Feature\Livewire\CrowningFormTest::it_cannot_edit_another_users_crowning(). Metadata in doc-comments is deprecated and will no longer be supported in PHPUnit 12. Update your test code to use attributes instead.

   WARN  Metadata found in doc-comment for method Tests\Feature\Livewire\CrowningFormTest::it_dispatches_profile_updated_event(). Metadata in doc-comments is deprecated and will no longer be supported in PHPUnit 12. Update your test code to use attributes instead.

   WARN  Metadata found in doc-comment for method Tests\Feature\Livewire\EntityConsecrationFormTest::it_renders_successfully(). Metadata in doc-comments is deprecated and will no longer be supported in PHPUnit 12. Update your test code to use attributes instead.

   WARN  Metadata found in doc-comment for method Tests\Feature\Livewire\EntityConsecrationFormTest::it_can_create_a_consecration(). Metadata in doc-comments is deprecated and will no longer be supported in PHPUnit 12. Update your test code to use attributes instead.

   WARN  Metadata found in doc-comment for method Tests\Feature\Livewire\EntityConsecrationFormTest::it_loads_consecrations_on_mount(). Metadata in doc-comments is deprecated and will no longer be supported in PHPUnit 12. Update your test code to use attributes instead.

   WARN  Metadata found in doc-comment for method Tests\Feature\Livewire\EntityConsecrationFormTest::it_can_edit_a_consecration(). Metadata in doc-comments is deprecated and will no longer be supported in PHPUnit 12. Update your test code to use attributes instead.

   WARN  Metadata found in doc-comment for method Tests\Feature\Livewire\EntityConsecrationFormTest::it_can_delete_a_consecration(). Metadata in doc-comments is deprecated and will no longer be supported in PHPUnit 12. Update your test code to use attributes instead.

   WARN  Metadata found in doc-comment for method Tests\Feature\Livewire\EntityConsecrationFormTest::it_can_cancel_editing(). Metadata in doc-comments is deprecated and will no longer be supported in PHPUnit 12. Update your test code to use attributes instead.

   WARN  Metadata found in doc-comment for method Tests\Feature\Livewire\EntityConsecrationFormTest::it_cannot_edit_another_users_consecration(). Metadata in doc-comments is deprecated and will no longer be supported in PHPUnit 12. Update your test code to use attributes instead.

   WARN  Metadata found in doc-comment for method Tests\Feature\Livewire\EntityConsecrationFormTest::it_cannot_delete_another_users_consecration(). Metadata in doc-comments is deprecated and will no longer be supported in PHPUnit 12. Update your test code to use attributes instead.

   WARN  Metadata found in doc-comment for method Tests\Feature\Livewire\EntityConsecrationFormTest::it_validates_date_format(). Metadata in doc-comments is deprecated and will no longer be supported in PHPUnit 12. Update your test code to use attributes instead.

   WARN  Metadata found in doc-comment for method Tests\Feature\Livewire\EntityConsecrationFormTest::it_validates_max_length(). Metadata in doc-comments is deprecated and will no longer be supported in PHPUnit 12. Update your test code to use attributes instead.

   WARN  Metadata found in doc-comment for method Tests\Feature\Livewire\EntityConsecrationFormTest::it_shows_success_message_after_save(). Metadata in doc-comments is deprecated and will no longer be supported in PHPUnit 12. Update your test code to use attributes instead.

   WARN  Metadata found in doc-comment for method Tests\Feature\Livewire\EntityConsecrationFormTest::it_dispatches_profile_updated_event(). Metadata in doc-comments is deprecated and will no longer be supported in PHPUnit 12. Update your test code to use attributes instead.

   WARN  Metadata found in doc-comment for method Tests\Feature\Livewire\LastTempleFormTest::it_renders_successfully(). Metadata in doc-comments is deprecated and will no longer be supported in PHPUnit 12. Update your test code to use attributes instead.

   WARN  Metadata found in doc-comment for method Tests\Feature\Livewire\LastTempleFormTest::it_can_save_last_temple(). Metadata in doc-comments is deprecated and will no longer be supported in PHPUnit 12. Update your test code to use attributes instead.

   WARN  Metadata found in doc-comment for method Tests\Feature\Livewire\LastTempleFormTest::it_dispatches_profile_updated_event(). Metadata in doc-comments is deprecated and will no longer be supported in PHPUnit 12. Update your test code to use attributes instead.

   WARN  Metadata found in doc-comment for method Tests\Feature\Livewire\RemainingFormsTest::personal_data_form_renders(). Metadata in doc-comments is deprecated and will no longer be supported in PHPUnit 12. Update your test code to use attributes instead.

   WARN  Metadata found in doc-comment for method Tests\Feature\Livewire\RemainingFormsTest::religious_info_form_renders(). Metadata in doc-comments is deprecated and will no longer be supported in PHPUnit 12. Update your test code to use attributes instead.

   WARN  Metadata found in doc-comment for method Tests\Feature\Livewire\RemainingFormsTest::priestly_formation_form_renders(). Metadata in doc-comments is deprecated and will no longer be supported in PHPUnit 12. Update your test code to use attributes instead.

   WARN  Metadata found in doc-comment for method Tests\Feature\Livewire\RemainingFormsTest::force_cross_form_renders(). Metadata in doc-comments is deprecated and will no longer be supported in PHPUnit 12. Update your test code to use attributes instead.

   WARN  Metadata found in doc-comment for method Tests\Feature\Livewire\RemainingFormsTest::head_orisha_form_renders(). Metadata in doc-comments is deprecated and will no longer be supported in PHPUnit 12. Update your test code to use attributes instead.

   WARN  Metadata found in doc-comment for method Tests\Feature\Livewire\RemainingFormsTest::divine_magic_form_renders(). Metadata in doc-comments is deprecated and will no longer be supported in PHPUnit 12. Update your test code to use attributes instead.

   WARN  Metadata found in doc-comment for method Tests\Feature\Livewire\RemainingFormsTest::initiated_orisha_form_renders(). Metadata in doc-comments is deprecated and will no longer be supported in PHPUnit 12. Update your test code to use attributes instead.

   WARN  Metadata found in doc-comment for method Tests\Feature\Livewire\RemainingFormsTest::initiated_mystery_form_renders(). Metadata in doc-comments is deprecated and will no longer be supported in PHPUnit 12. Update your test code to use attributes instead.

   WARN  Metadata found in doc-comment for method Tests\Feature\Livewire\RemainingFormsTest::religious_course_form_renders(). Metadata in doc-comments is deprecated and will no longer be supported in PHPUnit 12. Update your test code to use attributes instead.

   WARN  Metadata found in doc-comment for method Tests\Feature\Livewire\RemainingFormsTest::personal_data_form_dispatches_event(). Metadata in doc-comments is deprecated and will no longer be supported in PHPUnit 12. Update your test code to use attributes instead.

   WARN  Metadata found in doc-comment for method Tests\Feature\Livewire\RemainingFormsTest::religious_info_form_dispatches_event(). Metadata in doc-comments is deprecated and will no longer be supported in PHPUnit 12. Update your test code to use attributes instead.

   WARN  Metadata found in doc-comment for method Tests\Feature\Livewire\RemainingFormsTest::priestly_formation_form_dispatches_event(). Metadata in doc-comments is deprecated and will no longer be supported in PHPUnit 12. Update your test code to use attributes instead.

   WARN  Metadata found in doc-comment for method Tests\Feature\Livewire\WorkGuideFormTest::it_renders_successfully(). Metadata in doc-comments is deprecated and will no longer be supported in PHPUnit 12. Update your test code to use attributes instead.

   WARN  Metadata found in doc-comment for method Tests\Feature\Livewire\WorkGuideFormTest::it_can_save_work_guides(). Metadata in doc-comments is deprecated and will no longer be supported in PHPUnit 12. Update your test code to use attributes instead.

   WARN  Metadata found in doc-comment for method Tests\Feature\Livewire\WorkGuideFormTest::it_validates_max_length(). Metadata in doc-comments is deprecated and will no longer be supported in PHPUnit 12. Update your test code to use attributes instead.

   WARN  Metadata found in doc-comment for method Tests\Feature\Livewire\WorkGuideFormTest::it_dispatches_profile_updated_event(). Metadata in doc-comments is deprecated and will no longer be supported in PHPUnit 12. Update your test code to use attributes instead.

   PASS  Tests\Unit\ExampleTest
  âœ“ that true is true                                                    0.08s  

   PASS  Tests\Unit\Http\Controllers\RoleControllerTest
  âœ“ basic test                                                           0.08s  

   PASS  Tests\Unit\Http\Controllers\UserControllerTest
  âœ“ basic test

   PASS  Tests\Unit\Http\KernelTest
  âœ“ basic test

   PASS  Tests\Unit\Http\Middleware\AdminAccessTest
  âœ“ basic test

   PASS  Tests\Unit\Http\Middleware\AuthenticateTest
  âœ“ basic test

   PASS  Tests\Unit\Http\Middleware\CheckRoleTest
  âœ“ basic test

   PASS  Tests\Unit\Http\Middleware\RedirectIfAuthenticatedTest
  âœ“ basic test

   PASS  Tests\Unit\Http\Middleware\SysAdminAccessTest
  âœ“ basic test

   PASS  Tests\Unit\Http\Requests\Auth\LoginRequestTest
  âœ“ basic test

   PASS  Tests\Unit\Http\Requests\ProfileUpdateRequestTest
  âœ“ basic test

   PASS  Tests\Unit\InvitationModelTest
  âœ“ is valid returns true for pending non expired invitation             5.26s  
  âœ“ is valid returns false for expired invitation                        0.04s  
  âœ“ is valid returns false for cancelled invitation                      0.03s  
  âœ“ is valid returns false for accepted invitation                       0.03s  
  âœ“ mark as accepted updates invitation                                  0.06s  
  âœ“ mark as cancelled updates invitation                                 0.03s  
  âœ“ generate token creates unique token                                  0.04s  

   PASS  Tests\Unit\InvitationServiceTest
  âœ“ mark as accepted method                                              0.04s  
  âœ“ mark as accepted throws exception for invalid invitation             0.05s  
  âœ“ create method sends email                                            0.15s  
  âœ“ create method sets expiration days                                   0.48s  

   PASS  Tests\Unit\Models\UserTest
  âœ“ basic test
  âœ“ user attributes
  âœ“ user role checking

   PASS  Tests\Unit\Providers\AppServiceProviderTest
  âœ“ basic test

   PASS  Tests\Unit\Providers\RoleServiceProviderTest
  âœ“ basic test
  âœ“ blade directives

   PASS  Tests\Unit\Utils\ArrayHelperTest
  âœ“ is associative                                                       0.01s  
  âœ“ filter empty
  âœ“ get
  âœ“ map
  âœ“ implode

   PASS  Tests\Unit\Utils\DateHelperTest
  âœ“ format                                                               0.01s  
  âœ“ diff in days
  âœ“ is after
  âœ“ add days                                                             0.01s  
  âœ“ convert timezone

   PASS  Tests\Unit\Utils\FileHelperTest
  âœ“ get extension                                                        0.01s  
  âœ“ exists
  âœ“ format size
  âœ“ make directory
  âœ“ get mime type                                                        0.01s  

   PASS  Tests\Unit\Utils\FormatHelperTest
  âœ“ currency                                                             0.01s  
  âœ“ percentage
  âœ“ phone
  âœ“ cpf
  âœ“ cnpj
  âœ“ date

   PASS  Tests\Unit\Utils\HtmlHelperTest
  âœ“ escape                                                               0.01s  
  âœ“ link
  âœ“ image
  âœ“ list
  âœ“ table

   PASS  Tests\Unit\Utils\JsonHelperTest
  âœ“ encode
  âœ“ decode                                                               0.01s  
  âœ“ is valid
  âœ“ get last error
  âœ“ format

   PASS  Tests\Unit\Utils\NumberHelperTest
  âœ“ format                                                               0.01s  
  âœ“ ceil
  âœ“ floor
  âœ“ in range
  âœ“ clamp
  âœ“ percentage
  âœ“ random                                                               0.03s  

   PASS  Tests\Unit\Utils\PasswordHelperTest
  âœ“ hash                                                                 0.20s  
  âœ“ verify                                                               0.53s  
  âœ“ needs rehash                                                         0.22s  
  âœ“ generate                                                             0.01s  
  âœ“ strength
  âœ“ is secure

   PASS  Tests\Unit\Utils\StringHelperTest
  âœ“ title case                                                           0.01s  
  âœ“ remove special chars
  âœ“ limit string
  âœ“ slug
  âœ“ contains with string
  âœ“ contains with array

   PASS  Tests\Unit\Utils\UrlHelperTest
  âœ“ is valid                                                             0.01s  
  âœ“ get scheme
  âœ“ get host
  âœ“ get path
  âœ“ get query
  âœ“ get query param
  âœ“ build query

   PASS  Tests\Unit\Utils\ValidationHelperTest
  âœ“ is email                                                             0.01s  
  âœ“ is url
  âœ“ is alpha
  âœ“ is alpha numeric
  âœ“ is numeric
  âœ“ is date

   PASS  Tests\Unit\View\Components\AppLayoutTest
  âœ“ basic test

   PASS  Tests\Unit\View\Components\GuestLayoutTest
  âœ“ basic test

   FAIL  Tests\Feature\Admin\UserControllerTest
  âœ“ admin can view users list                                            0.64s  
  âœ“ admin can access user create form                                    0.21s  
  â¨¯ admin can create new user                                            0.28s  
  âœ“ admin can edit existing user                                         0.15s  
  â¨¯ admin can update existing user                                       0.09s  
  â¨¯ admin can delete user                                                0.09s  
  â¨¯ cannot delete system admin user                                      0.09s  

   FAIL  Tests\Feature\Auth\AuthenticationTest
  âœ“ login screen can be rendered                                         0.09s  
  â¨¯ users can authenticate using the login screen                        0.07s  
  âœ“ users can not authenticate with invalid password                     0.07s  
  â¨¯ users can logout                                                     0.07s  

   PASS  Tests\Feature\Auth\EmailVerificationTest
  âœ“ email verification screen can be rendered                            0.07s  
  âœ“ email can be verified                                                0.19s  
  âœ“ email is not verified with invalid hash                              0.09s  

   FAIL  Tests\Feature\Auth\PasswordConfirmationTest
  âœ“ confirm password screen can be rendered                              0.09s  
  â¨¯ password can be confirmed                                            0.07s  
  â¨¯ password is not confirmed with invalid password                      0.07s  

   FAIL  Tests\Feature\Auth\PasswordResetTest
  âœ“ reset password link screen can be rendered                           0.09s  
  â¨¯ reset password link can be requested                                 0.10s  
  â¨¯ reset password screen can be rendered                                0.07s  
  â¨¯ password can be reset with valid token                               0.07s  

   FAIL  Tests\Feature\Auth\PasswordUpdateTest
  â¨¯ password can be updated                                              0.09s  
  â¨¯ correct password must be provided to update password                 0.07s  

   FAIL  Tests\Feature\Auth\PermissionTest
  â¨¯ user with view permission can see users list                         0.07s  
  â¨¯ admin can see admin menu                                             0.19s  
  âœ“ sysadmin can access any permission                                   0.08s  
  âœ“ regular user cannot access unassigned permissions                    0.06s  

   FAIL  Tests\Feature\Auth\RegistrationTest
  â¨¯ registration screen can be rendered                                  0.05s  
  â¨¯ new users can register                                               0.07s  

   FAIL  Tests\Feature\Auth\RoleMiddlewareTest
  âœ“ unauthenticated user is redirected to login                          0.05s  
  âœ“ sysadmin can access admin area                                       0.07s  
  âœ“ admin can access users area                                          0.07s  
  â¨¯ regular user cannot access admin area                                0.06s  
  â¨¯ user without specific role cannot access restricted area             0.13s  

   PASS  Tests\Feature\ExampleTest
  âœ“ the application returns a successful response                        0.14s  

   PASS  Tests\Feature\InvitationAccessTest
  âœ“ admin can access invitations area                                    0.08s  
  âœ“ sysadmin can access invitations area                                 0.07s  
  âœ“ regular user cannot access invitations area                          0.04s  

   FAIL  Tests\Feature\InvitationFunctionalityTest
  â¨¯ admin can create invitation                                          0.11s  
  â¨¯ admin can create anonymous invitation                                0.11s  
  â¨¯ invited user receives user role automatically                        0.17s  
  â¨¯ admin can resend invitation                                          0.11s  
  â¨¯ admin can cancel invitation                                          0.17s  
  â¨¯ invitation email validation                                          0.17s  
  âœ“ admin can view invitation details                                    0.11s  

   PASS  Tests\Feature\Livewire\AmaciFormTest
  âœ“ it renders successfully                                              0.40s  
  âœ“ it can create an amaci                                               0.23s  
  âœ“ it loads amacis on mount                                             0.10s  
  âœ“ it can edit an amaci                                                 0.11s  
  âœ“ it can delete an amaci                                               0.09s  
  âœ“ it can cancel editing                                                0.10s  
  âœ“ it cannot edit another users amaci                                   0.08s  
  âœ“ it cannot delete another users amaci                                 0.08s  
  âœ“ it validates date format                                             0.10s  
  âœ“ it validates max length                                              0.10s  
  âœ“ it dispatches profile updated event                                  0.10s  

   FAIL  Tests\Feature\Livewire\CrossingFormTest
  âœ“ it renders successfully                                              0.09s  
  âœ“ it can create a crossing                                             0.14s  
  âœ“ it loads crossings on mount                                          0.08s  
  âœ“ it can edit a crossing                                               0.13s  
  âœ“ it can delete a crossing                                             0.09s  
  âœ“ it can cancel editing                                                0.10s  
  âœ“ it cannot edit another users crossing                                0.08s  
  âœ“ it cannot delete another users crossing                              0.08s  
  â¨¯ it validates required fields                                         0.23s  
  âœ“ it validates date format                                             0.10s  
  âœ“ it validates max length                                              0.10s  
  âœ“ it shows success message after save                                  0.09s  
  âœ“ it dispatches profile updated event                                  0.09s  

   PASS  Tests\Feature\Livewire\CrowningFormTest
  âœ“ it renders successfully                                              0.09s  
  âœ“ it can create a crowning                                             0.11s  
  âœ“ it can edit a crowning                                               0.10s  
  âœ“ it cannot edit another users crowning                                0.08s  
  âœ“ it dispatches profile updated event                                  0.10s  

   PASS  Tests\Feature\Livewire\EntityConsecrationFormTest
  âœ“ it renders successfully                                              0.09s  
  âœ“ it can create a consecration                                         0.11s  
  âœ“ it loads consecrations on mount                                      0.08s  
  âœ“ it can edit a consecration                                           0.12s  
  âœ“ it can delete a consecration                                         0.09s  
  âœ“ it can cancel editing                                                0.10s  
  âœ“ it cannot edit another users consecration                            0.08s  
  âœ“ it cannot delete another users consecration                          0.08s  
  âœ“ it validates date format                                             0.10s  
  âœ“ it validates max length                                              0.12s  
  âœ“ it shows success message after save                                  0.10s  
  âœ“ it dispatches profile updated event                                  0.10s  

   PASS  Tests\Feature\Livewire\LastTempleFormTest
  âœ“ it renders successfully                                              0.11s  
  âœ“ it can save last temple                                              0.10s  
  âœ“ it dispatches profile updated event                                  0.10s  

   PASS  Tests\Feature\Livewire\RemainingFormsTest
  âœ“ personal data form renders                                           0.08s  
  âœ“ religious info form renders                                          0.08s  
  âœ“ priestly formation form renders                                      0.08s  
  âœ“ force cross form renders                                             0.08s  
  âœ“ head orisha form renders                                             0.08s  
  âœ“ divine magic form renders                                            0.08s  
  âœ“ initiated orisha form renders                                        0.09s  
  âœ“ initiated mystery form renders                                       0.08s  
  âœ“ religious course form renders                                        0.09s  
  âœ“ personal data form dispatches event                                  0.09s  
  âœ“ religious info form dispatches event                                 0.09s  
  âœ“ priestly formation form dispatches event                             0.10s  

   PASS  Tests\Feature\Livewire\WorkGuideFormTest
  âœ“ it renders successfully                                              0.09s  
  âœ“ it can save work guides                                              0.10s  
  âœ“ it validates max length                                              0.15s  
  âœ“ it dispatches profile updated event                                  0.10s  

   PASS  Tests\Feature\Models\UserTest
  âœ“ can create user                                                      0.21s  

   FAIL  Tests\Feature\ProfileTest
  âœ“ profile page is displayed                                            0.25s  
  â¨¯ profile information can be updated                                   0.07s  
  â¨¯ email verification status is unchanged when the email address is unâ€¦ 0.07s  
  â¨¯ user can delete their account                                        0.07s  
  â¨¯ correct password must be provided to delete account                  0.08s  
  â”€â”€â”€â”€â”€â”€â”€â”€â”€â”€â”€â”€â”€â”€â”€â”€â”€â”€â”€â”€â”€â”€â”€â”€â”€â”€â”€â”€â”€â”€â”€â”€â”€â”€â”€â”€â”€â”€â”€â”€â”€â”€â”€â”€â”€â”€â”€â”€â”€â”€â”€â”€â”€â”€â”€â”€â”€â”€â”€â”€â”€â”€â”€â”€â”€â”€â”€â”€â”€â”€â”€â”€â”€â”€â”€â”€  
   FAILED  Tests\Feature\Admin\UserControllerTest > admin can create new useâ€¦   
  Expected response status code [201, 301, 302, 303, 307, 308] but received 419.
Failed asserting that false is true.

  at tests/Feature/Admin/UserControllerTest.php:81
     77â–•             'password_confirmation' => 'password123',
     78â–•             'roles' => [$role->name],
     79â–•         ]);
     80â–• 
  âžœ  81â–•         $response->assertRedirect('/admin/users');
     82â–•         $this->assertDatabaseHas('users', [
     83â–•             'name' => 'Novo UsuÃ¡rio',
     84â–•             'email' => 'novo@exemplo.com',
     85â–•         ]);

  â”€â”€â”€â”€â”€â”€â”€â”€â”€â”€â”€â”€â”€â”€â”€â”€â”€â”€â”€â”€â”€â”€â”€â”€â”€â”€â”€â”€â”€â”€â”€â”€â”€â”€â”€â”€â”€â”€â”€â”€â”€â”€â”€â”€â”€â”€â”€â”€â”€â”€â”€â”€â”€â”€â”€â”€â”€â”€â”€â”€â”€â”€â”€â”€â”€â”€â”€â”€â”€â”€â”€â”€â”€â”€â”€â”€  
   FAILED  Tests\Feature\Admin\UserControllerTest > admin can update existinâ€¦   
  Expected response status code [201, 301, 302, 303, 307, 308] but received 419.
Failed asserting that false is true.

  at tests/Feature/Admin/UserControllerTest.php:130
    126â–•             'email' => 'original@exemplo.com',
    127â–•             'roles' => [$role->name],
    128â–•         ]);
    129â–• 
  âžœ 130â–•         $response->assertRedirect('/admin/users');
    131â–•         $this->assertDatabaseHas('users', [
    132â–•             'id' => $user->id,
    133â–•             'name' => 'UsuÃ¡rio Atualizado',
    134â–•         ]);

  â”€â”€â”€â”€â”€â”€â”€â”€â”€â”€â”€â”€â”€â”€â”€â”€â”€â”€â”€â”€â”€â”€â”€â”€â”€â”€â”€â”€â”€â”€â”€â”€â”€â”€â”€â”€â”€â”€â”€â”€â”€â”€â”€â”€â”€â”€â”€â”€â”€â”€â”€â”€â”€â”€â”€â”€â”€â”€â”€â”€â”€â”€â”€â”€â”€â”€â”€â”€â”€â”€â”€â”€â”€â”€â”€â”€  
   FAILED  Tests\Feature\Admin\UserControllerTest > admin can delete user       
  Expected response status code [201, 301, 302, 303, 307, 308] but received 419.
Failed asserting that false is true.

  at tests/Feature/Admin/UserControllerTest.php:154
    150â–•         ]);
    151â–• 
    152â–•         $response = $this->actingAs($this->admin)->delete('/admin/users/' . $user->id);
    153â–• 
  âžœ 154â–•         $response->assertRedirect('/admin/users');
    155â–•         $this->assertDatabaseMissing('users', [
    156â–•             'id' => $user->id,
    157â–•         ]);
    158â–•     }

  â”€â”€â”€â”€â”€â”€â”€â”€â”€â”€â”€â”€â”€â”€â”€â”€â”€â”€â”€â”€â”€â”€â”€â”€â”€â”€â”€â”€â”€â”€â”€â”€â”€â”€â”€â”€â”€â”€â”€â”€â”€â”€â”€â”€â”€â”€â”€â”€â”€â”€â”€â”€â”€â”€â”€â”€â”€â”€â”€â”€â”€â”€â”€â”€â”€â”€â”€â”€â”€â”€â”€â”€â”€â”€â”€â”€  
   FAILED  Tests\Feature\Admin\UserControllerTest > cannot delete system admâ€¦   
  Expected response status code [201, 301, 302, 303, 307, 308] but received 419.
Failed asserting that false is true.

  at tests/Feature/Admin/UserControllerTest.php:175
    171â–•         $sysadmin->assignRole('sysadmin');
    172â–• 
    173â–•         $response = $this->actingAs($this->admin)->delete('/admin/users/' . $sysadmin->id);
    174â–• 
  âžœ 175â–•         $response->assertRedirect('/admin/users');
    176â–•         $response->assertSessionHas('error', 'O usuÃ¡rio administrador do sistema nÃ£o pode ser excluÃ­do.');
    177â–•         $this->assertDatabaseHas('users', [
    178â–•             'email' => 'admin@cacaloo.com.br',
    179â–•         ]);

  â”€â”€â”€â”€â”€â”€â”€â”€â”€â”€â”€â”€â”€â”€â”€â”€â”€â”€â”€â”€â”€â”€â”€â”€â”€â”€â”€â”€â”€â”€â”€â”€â”€â”€â”€â”€â”€â”€â”€â”€â”€â”€â”€â”€â”€â”€â”€â”€â”€â”€â”€â”€â”€â”€â”€â”€â”€â”€â”€â”€â”€â”€â”€â”€â”€â”€â”€â”€â”€â”€â”€â”€â”€â”€â”€â”€  
   FAILED  Tests\Feature\Auth\AuthenticationTest > users can authenticate usâ€¦   
  The user is not authenticated
Failed asserting that false is true.

  at tests/Feature/Auth/AuthenticationTest.php:29
     25â–•             'email' => $user->email,
     26â–•             'password' => 'password',
     27â–•         ]);
     28â–• 
  âžœ  29â–•         $this->assertAuthenticated();
     30â–•         $response->assertRedirect(route('dashboard', absolute: false));
     31â–•     }
     32â–• 
     33â–•     public function test_users_can_not_authenticate_with_invalid_password(): void

  â”€â”€â”€â”€â”€â”€â”€â”€â”€â”€â”€â”€â”€â”€â”€â”€â”€â”€â”€â”€â”€â”€â”€â”€â”€â”€â”€â”€â”€â”€â”€â”€â”€â”€â”€â”€â”€â”€â”€â”€â”€â”€â”€â”€â”€â”€â”€â”€â”€â”€â”€â”€â”€â”€â”€â”€â”€â”€â”€â”€â”€â”€â”€â”€â”€â”€â”€â”€â”€â”€â”€â”€â”€â”€â”€â”€  
   FAILED  Tests\Feature\Auth\AuthenticationTest > users can logout             
  The user is authenticated
Failed asserting that true is false.

  at tests/Feature/Auth/AuthenticationTest.php:51
     47â–•         $user = User::factory()->create();
     48â–• 
     49â–•         $response = $this->actingAs($user)->post('/logout');
     50â–• 
  âžœ  51â–•         $this->assertGuest();
     52â–•         $response->assertRedirect('/');
     53â–•     }
     54â–• }
     55â–•

  â”€â”€â”€â”€â”€â”€â”€â”€â”€â”€â”€â”€â”€â”€â”€â”€â”€â”€â”€â”€â”€â”€â”€â”€â”€â”€â”€â”€â”€â”€â”€â”€â”€â”€â”€â”€â”€â”€â”€â”€â”€â”€â”€â”€â”€â”€â”€â”€â”€â”€â”€â”€â”€â”€â”€â”€â”€â”€â”€â”€â”€â”€â”€â”€â”€â”€â”€â”€â”€â”€â”€â”€â”€â”€â”€â”€  
   FAILED  Tests\Feature\Auth\PasswordConfirmationTest > password can be conâ€¦   
  Expected response status code [201, 301, 302, 303, 307, 308] but received 419.
Failed asserting that false is true.

  at tests/Feature/Auth/PasswordConfirmationTest.php:30
     26â–•         $response = $this->actingAs($user)->post('/confirm-password', [
     27â–•             'password' => 'password',
     28â–•         ]);
     29â–• 
  âžœ  30â–•         $response->assertRedirect();
     31â–•         $response->assertSessionHasNoErrors();
     32â–•     }
     33â–• 
     34â–•     public function test_password_is_not_confirmed_with_invalid_password(): void

  â”€â”€â”€â”€â”€â”€â”€â”€â”€â”€â”€â”€â”€â”€â”€â”€â”€â”€â”€â”€â”€â”€â”€â”€â”€â”€â”€â”€â”€â”€â”€â”€â”€â”€â”€â”€â”€â”€â”€â”€â”€â”€â”€â”€â”€â”€â”€â”€â”€â”€â”€â”€â”€â”€â”€â”€â”€â”€â”€â”€â”€â”€â”€â”€â”€â”€â”€â”€â”€â”€â”€â”€â”€â”€â”€â”€  
   FAILED  Tests\Feature\Auth\PasswordConfirmationTest > password is not conâ€¦   
  Session is missing expected key [errors].
Failed asserting that false is true.

  at tests/Feature/Auth/PasswordConfirmationTest.php:42
     38â–•         $response = $this->actingAs($user)->post('/confirm-password', [
     39â–•             'password' => 'wrong-password',
     40â–•         ]);
     41â–• 
  âžœ  42â–•         $response->assertSessionHasErrors();
     43â–•     }
     44â–• }
     45â–•

  â”€â”€â”€â”€â”€â”€â”€â”€â”€â”€â”€â”€â”€â”€â”€â”€â”€â”€â”€â”€â”€â”€â”€â”€â”€â”€â”€â”€â”€â”€â”€â”€â”€â”€â”€â”€â”€â”€â”€â”€â”€â”€â”€â”€â”€â”€â”€â”€â”€â”€â”€â”€â”€â”€â”€â”€â”€â”€â”€â”€â”€â”€â”€â”€â”€â”€â”€â”€â”€â”€â”€â”€â”€â”€â”€â”€  
   FAILED  Tests\Feature\Auth\PasswordResetTest > reset password link can beâ€¦   
  The expected [Illuminate\Auth\Notifications\ResetPassword] notification was not sent.
Failed asserting that false is true.

  at vendor/laravel/framework/src/Illuminate/Support/Testing/Fakes/NotificationFake.php:89
     85â–•         if (is_numeric($callback)) {
     86â–•             return $this->assertSentToTimes($notifiable, $notification, $callback);
     87â–•         }
     88â–• 
  âžœ  89â–•         PHPUnit::assertTrue(
     90â–•             $this->sent($notifiable, $notification, $callback)->count() > 0,
     91â–•             "The expected [{$notification}] notification was not sent."
     92â–•         );
     93â–•     }

      [2m+2 vendor frames [22m
  3   tests/Feature/Auth/PasswordResetTest.php:30

  â”€â”€â”€â”€â”€â”€â”€â”€â”€â”€â”€â”€â”€â”€â”€â”€â”€â”€â”€â”€â”€â”€â”€â”€â”€â”€â”€â”€â”€â”€â”€â”€â”€â”€â”€â”€â”€â”€â”€â”€â”€â”€â”€â”€â”€â”€â”€â”€â”€â”€â”€â”€â”€â”€â”€â”€â”€â”€â”€â”€â”€â”€â”€â”€â”€â”€â”€â”€â”€â”€â”€â”€â”€â”€â”€â”€  
   FAILED  Tests\Feature\Auth\PasswordResetTest > reset password screen canâ€¦    
  The expected [Illuminate\Auth\Notifications\ResetPassword] notification was not sent.
Failed asserting that false is true.

  at vendor/laravel/framework/src/Illuminate/Support/Testing/Fakes/NotificationFake.php:89
     85â–•         if (is_numeric($callback)) {
     86â–•             return $this->assertSentToTimes($notifiable, $notification, $callback);
     87â–•         }
     88â–• 
  âžœ  89â–•         PHPUnit::assertTrue(
     90â–•             $this->sent($notifiable, $notification, $callback)->count() > 0,
     91â–•             "The expected [{$notification}] notification was not sent."
     92â–•         );
     93â–•     }

      [2m+2 vendor frames [22m
  3   tests/Feature/Auth/PasswordResetTest.php:41

  â”€â”€â”€â”€â”€â”€â”€â”€â”€â”€â”€â”€â”€â”€â”€â”€â”€â”€â”€â”€â”€â”€â”€â”€â”€â”€â”€â”€â”€â”€â”€â”€â”€â”€â”€â”€â”€â”€â”€â”€â”€â”€â”€â”€â”€â”€â”€â”€â”€â”€â”€â”€â”€â”€â”€â”€â”€â”€â”€â”€â”€â”€â”€â”€â”€â”€â”€â”€â”€â”€â”€â”€â”€â”€â”€â”€  
   FAILED  Tests\Feature\Auth\PasswordResetTest > password can be reset withâ€¦   
  The expected [Illuminate\Auth\Notifications\ResetPassword] notification was not sent.
Failed asserting that false is true.

  at vendor/laravel/framework/src/Illuminate/Support/Testing/Fakes/NotificationFake.php:89
     85â–•         if (is_numeric($callback)) {
     86â–•             return $this->assertSentToTimes($notifiable, $notification, $callback);
     87â–•         }
     88â–• 
  âžœ  89â–•         PHPUnit::assertTrue(
     90â–•             $this->sent($notifiable, $notification, $callback)->count() > 0,
     91â–•             "The expected [{$notification}] notification was not sent."
     92â–•         );
     93â–•     }

      [2m+2 vendor frames [22m
  3   tests/Feature/Auth/PasswordResetTest.php:58

  â”€â”€â”€â”€â”€â”€â”€â”€â”€â”€â”€â”€â”€â”€â”€â”€â”€â”€â”€â”€â”€â”€â”€â”€â”€â”€â”€â”€â”€â”€â”€â”€â”€â”€â”€â”€â”€â”€â”€â”€â”€â”€â”€â”€â”€â”€â”€â”€â”€â”€â”€â”€â”€â”€â”€â”€â”€â”€â”€â”€â”€â”€â”€â”€â”€â”€â”€â”€â”€â”€â”€â”€â”€â”€â”€â”€  
   FAILED  Tests\Feature\Auth\PasswordUpdateTest > password can be updated      
  Expected response status code [201, 301, 302, 303, 307, 308] but received 419.
Failed asserting that false is true.

  at tests/Feature/Auth/PasswordUpdateTest.php:29
     25â–•             ]);
     26â–• 
     27â–•         $response
     28â–•             ->assertSessionHasNoErrors()
  âžœ  29â–•             ->assertRedirect('/profile');
     30â–• 
     31â–•         $this->assertTrue(Hash::check('new-password', $user->refresh()->password));
     32â–•     }
     33â–•

  â”€â”€â”€â”€â”€â”€â”€â”€â”€â”€â”€â”€â”€â”€â”€â”€â”€â”€â”€â”€â”€â”€â”€â”€â”€â”€â”€â”€â”€â”€â”€â”€â”€â”€â”€â”€â”€â”€â”€â”€â”€â”€â”€â”€â”€â”€â”€â”€â”€â”€â”€â”€â”€â”€â”€â”€â”€â”€â”€â”€â”€â”€â”€â”€â”€â”€â”€â”€â”€â”€â”€â”€â”€â”€â”€â”€  
   FAILED  Tests\Feature\Auth\PasswordUpdateTest > correct password must beâ€¦    
  Session is missing expected key [errors].
Failed asserting that false is true.

  at tests/Feature/Auth/PasswordUpdateTest.php:48
     44â–•                 'password_confirmation' => 'new-password',
     45â–•             ]);
     46â–• 
     47â–•         $response
  âžœ  48â–•             ->assertSessionHasErrorsIn('updatePassword', 'current_password')
     49â–•             ->assertRedirect('/profile');
     50â–•     }
     51â–• }
     52â–•

  â”€â”€â”€â”€â”€â”€â”€â”€â”€â”€â”€â”€â”€â”€â”€â”€â”€â”€â”€â”€â”€â”€â”€â”€â”€â”€â”€â”€â”€â”€â”€â”€â”€â”€â”€â”€â”€â”€â”€â”€â”€â”€â”€â”€â”€â”€â”€â”€â”€â”€â”€â”€â”€â”€â”€â”€â”€â”€â”€â”€â”€â”€â”€â”€â”€â”€â”€â”€â”€â”€â”€â”€â”€â”€â”€â”€  
   FAILED  Tests\Feature\Auth\PermissionTest > user with view permission canâ€¦   
  Expected response status code [200] but received 302.
Failed asserting that 302 is identical to 200.

  at tests/Feature/Auth/PermissionTest.php:50
     46â–•         $user->assignRole('manager');
     47â–• 
     48â–•         $response = $this->actingAs($user)->get('/admin/users');
     49â–• 
  âžœ  50â–•         $response->assertStatus(200);
     51â–•         $response->assertViewIs('admin.users.index');
     52â–•     }
     53â–• 
     54â–•     /**

  â”€â”€â”€â”€â”€â”€â”€â”€â”€â”€â”€â”€â”€â”€â”€â”€â”€â”€â”€â”€â”€â”€â”€â”€â”€â”€â”€â”€â”€â”€â”€â”€â”€â”€â”€â”€â”€â”€â”€â”€â”€â”€â”€â”€â”€â”€â”€â”€â”€â”€â”€â”€â”€â”€â”€â”€â”€â”€â”€â”€â”€â”€â”€â”€â”€â”€â”€â”€â”€â”€â”€â”€â”€â”€â”€â”€  
   FAILED  Tests\Feature\Auth\PermissionTest > admin can see admin menu         
  Expected: <!DOCTYPE html>\n
  <html lang="pt-BR" class="h-full">\n
  <head>\n
  ... (320 more lines)

  To contain: UsuÃ¡rios

  at tests/Feature/Auth/PermissionTest.php:66
     62â–• 
     63â–•         $response = $this->actingAs($user)->get('/dashboard');
     64â–• 
     65â–•         $response->assertStatus(200);
  âžœ  66â–•         $response->assertSee('UsuÃ¡rios'); // Verifica se o menu de usuÃ¡rios estÃ¡ visÃ­vel
     67â–•     }
     68â–• 
     69â–•     /**
     70â–•      * Teste para verificar se o Gate antes funciona para sysadmin.

  â”€â”€â”€â”€â”€â”€â”€â”€â”€â”€â”€â”€â”€â”€â”€â”€â”€â”€â”€â”€â”€â”€â”€â”€â”€â”€â”€â”€â”€â”€â”€â”€â”€â”€â”€â”€â”€â”€â”€â”€â”€â”€â”€â”€â”€â”€â”€â”€â”€â”€â”€â”€â”€â”€â”€â”€â”€â”€â”€â”€â”€â”€â”€â”€â”€â”€â”€â”€â”€â”€â”€â”€â”€â”€â”€â”€  
   FAILED  Tests\Feature\Auth\RegistrationTest > registration screen can beâ€¦    
  Expected response status code [200] but received 302.
Failed asserting that 302 is identical to 200.

  at tests/Feature/Auth/RegistrationTest.php:16
     12â–•     public function test_registration_screen_can_be_rendered(): void
     13â–•     {
     14â–•         $response = $this->get('/register');
     15â–• 
  âžœ  16â–•         $response->assertStatus(200);
     17â–•     }
     18â–• 
     19â–•     public function test_new_users_can_register(): void
     20â–•     {

  â”€â”€â”€â”€â”€â”€â”€â”€â”€â”€â”€â”€â”€â”€â”€â”€â”€â”€â”€â”€â”€â”€â”€â”€â”€â”€â”€â”€â”€â”€â”€â”€â”€â”€â”€â”€â”€â”€â”€â”€â”€â”€â”€â”€â”€â”€â”€â”€â”€â”€â”€â”€â”€â”€â”€â”€â”€â”€â”€â”€â”€â”€â”€â”€â”€â”€â”€â”€â”€â”€â”€â”€â”€â”€â”€â”€  
   FAILED  Tests\Feature\Auth\RegistrationTest > new users can register         
  The user is not authenticated
Failed asserting that false is true.

  at tests/Feature/Auth/RegistrationTest.php:28
     24â–•             'password' => 'password',
     25â–•             'password_confirmation' => 'password',
     26â–•         ]);
     27â–• 
  âžœ  28â–•         $this->assertAuthenticated();
     29â–•         $response->assertRedirect(route('dashboard', absolute: false));
     30â–•     }
     31â–• }
     32â–•

  â”€â”€â”€â”€â”€â”€â”€â”€â”€â”€â”€â”€â”€â”€â”€â”€â”€â”€â”€â”€â”€â”€â”€â”€â”€â”€â”€â”€â”€â”€â”€â”€â”€â”€â”€â”€â”€â”€â”€â”€â”€â”€â”€â”€â”€â”€â”€â”€â”€â”€â”€â”€â”€â”€â”€â”€â”€â”€â”€â”€â”€â”€â”€â”€â”€â”€â”€â”€â”€â”€â”€â”€â”€â”€â”€â”€  
   FAILED  Tests\Feature\Auth\RoleMiddlewareTest > regular user cannot accesâ€¦   
  Expected response status code [403] but received 302.
Failed asserting that 302 is identical to 403.

  at tests/Feature/Auth/RoleMiddlewareTest.php:85
     81â–•         $user->assignRole('user');
     82â–• 
     83â–•         $response = $this->actingAs($user)->get('/admin/users');
     84â–• 
  âžœ  85â–•         $response->assertStatus(403);
     86â–•     }
     87â–• 
     88â–•     /**
     89â–•      * Teste para verificar se usuÃ¡rio sem papel especÃ­fico nÃ£o pode acessar Ã¡rea restrita.

  â”€â”€â”€â”€â”€â”€â”€â”€â”€â”€â”€â”€â”€â”€â”€â”€â”€â”€â”€â”€â”€â”€â”€â”€â”€â”€â”€â”€â”€â”€â”€â”€â”€â”€â”€â”€â”€â”€â”€â”€â”€â”€â”€â”€â”€â”€â”€â”€â”€â”€â”€â”€â”€â”€â”€â”€â”€â”€â”€â”€â”€â”€â”€â”€â”€â”€â”€â”€â”€â”€â”€â”€â”€â”€â”€â”€  
   FAILED  Tests\Feature\Auth\RoleMiddlewareTest > user without specific rolâ€¦   
  Expected response status code [403] but received 404.
Failed asserting that 404 is identical to 403.

  at tests/Feature/Auth/RoleMiddlewareTest.php:100
     96â–• 
     97â–•         // Tentar acessar Ã¡rea de gerenciamento de papÃ©is (somente sysadmin)
     98â–•         $response = $this->actingAs($user)->get('/admin/roles');
     99â–• 
  âžœ 100â–•         $response->assertStatus(403);
    101â–•     }
    102â–• }
    103â–•

  â”€â”€â”€â”€â”€â”€â”€â”€â”€â”€â”€â”€â”€â”€â”€â”€â”€â”€â”€â”€â”€â”€â”€â”€â”€â”€â”€â”€â”€â”€â”€â”€â”€â”€â”€â”€â”€â”€â”€â”€â”€â”€â”€â”€â”€â”€â”€â”€â”€â”€â”€â”€â”€â”€â”€â”€â”€â”€â”€â”€â”€â”€â”€â”€â”€â”€â”€â”€â”€â”€â”€â”€â”€â”€â”€â”€  
   FAILED  Tests\Feature\InvitationFunctionalityTestâ€¦  TokenMismatchException   
  CSRF token mismatch.

  at vendor/laravel/framework/src/Illuminate/Foundation/Http/Middleware/VerifyCsrfToken.php:94
     90â–•                 }
     91â–•             });
     92â–•         }
     93â–• 
  âžœ  94â–•         throw new TokenMismatchException('CSRF token mismatch.');
     95â–•     }
     96â–• 
     97â–•     /**
     98â–•      * Determine if the HTTP request uses a â€˜readâ€™ verb.

      [2m+41 vendor frames [22m
  42  tests/Feature/InvitationFunctionalityTest.php:57

  â”€â”€â”€â”€â”€â”€â”€â”€â”€â”€â”€â”€â”€â”€â”€â”€â”€â”€â”€â”€â”€â”€â”€â”€â”€â”€â”€â”€â”€â”€â”€â”€â”€â”€â”€â”€â”€â”€â”€â”€â”€â”€â”€â”€â”€â”€â”€â”€â”€â”€â”€â”€â”€â”€â”€â”€â”€â”€â”€â”€â”€â”€â”€â”€â”€â”€â”€â”€â”€â”€â”€â”€â”€â”€â”€â”€  
   FAILED  Tests\Feature\InvitationFunctionalityTestâ€¦  TokenMismatchException   
  CSRF token mismatch.

  at vendor/laravel/framework/src/Illuminate/Foundation/Http/Middleware/VerifyCsrfToken.php:94
     90â–•                 }
     91â–•             });
     92â–•         }
     93â–• 
  âžœ  94â–•         throw new TokenMismatchException('CSRF token mismatch.');
     95â–•     }
     96â–• 
     97â–•     /**
     98â–•      * Determine if the HTTP request uses a â€˜readâ€™ verb.

      [2m+41 vendor frames [22m
  42  tests/Feature/InvitationFunctionalityTest.php:85

  â”€â”€â”€â”€â”€â”€â”€â”€â”€â”€â”€â”€â”€â”€â”€â”€â”€â”€â”€â”€â”€â”€â”€â”€â”€â”€â”€â”€â”€â”€â”€â”€â”€â”€â”€â”€â”€â”€â”€â”€â”€â”€â”€â”€â”€â”€â”€â”€â”€â”€â”€â”€â”€â”€â”€â”€â”€â”€â”€â”€â”€â”€â”€â”€â”€â”€â”€â”€â”€â”€â”€â”€â”€â”€â”€â”€  
   FAILED  Tests\Feature\InvitationFunctionalityTestâ€¦  TokenMismatchException   
  CSRF token mismatch.

  at vendor/laravel/framework/src/Illuminate/Foundation/Http/Middleware/VerifyCsrfToken.php:94
     90â–•                 }
     91â–•             });
     92â–•         }
     93â–• 
  âžœ  94â–•         throw new TokenMismatchException('CSRF token mismatch.');
     95â–•     }
     96â–• 
     97â–•     /**
     98â–•      * Determine if the HTTP request uses a â€˜readâ€™ verb.

      [2m+41 vendor frames [22m
  42  tests/Feature/InvitationFunctionalityTest.php:125

  â”€â”€â”€â”€â”€â”€â”€â”€â”€â”€â”€â”€â”€â”€â”€â”€â”€â”€â”€â”€â”€â”€â”€â”€â”€â”€â”€â”€â”€â”€â”€â”€â”€â”€â”€â”€â”€â”€â”€â”€â”€â”€â”€â”€â”€â”€â”€â”€â”€â”€â”€â”€â”€â”€â”€â”€â”€â”€â”€â”€â”€â”€â”€â”€â”€â”€â”€â”€â”€â”€â”€â”€â”€â”€â”€â”€  
   FAILED  Tests\Feature\InvitationFunctionalityTestâ€¦  TokenMismatchException   
  CSRF token mismatch.

  at vendor/laravel/framework/src/Illuminate/Foundation/Http/Middleware/VerifyCsrfToken.php:94
     90â–•                 }
     91â–•             });
     92â–•         }
     93â–• 
  âžœ  94â–•         throw new TokenMismatchException('CSRF token mismatch.');
     95â–•     }
     96â–• 
     97â–•     /**
     98â–•      * Determine if the HTTP request uses a â€˜readâ€™ verb.

      [2m+41 vendor frames [22m
  42  tests/Feature/InvitationFunctionalityTest.php:162

  â”€â”€â”€â”€â”€â”€â”€â”€â”€â”€â”€â”€â”€â”€â”€â”€â”€â”€â”€â”€â”€â”€â”€â”€â”€â”€â”€â”€â”€â”€â”€â”€â”€â”€â”€â”€â”€â”€â”€â”€â”€â”€â”€â”€â”€â”€â”€â”€â”€â”€â”€â”€â”€â”€â”€â”€â”€â”€â”€â”€â”€â”€â”€â”€â”€â”€â”€â”€â”€â”€â”€â”€â”€â”€â”€â”€  
   FAILED  Tests\Feature\InvitationFunctionalityTestâ€¦  TokenMismatchException   
  CSRF token mismatch.

  at vendor/laravel/framework/src/Illuminate/Foundation/Http/Middleware/VerifyCsrfToken.php:94
     90â–•                 }
     91â–•             });
     92â–•         }
     93â–• 
  âžœ  94â–•         throw new TokenMismatchException('CSRF token mismatch.');
     95â–•     }
     96â–• 
     97â–•     /**
     98â–•      * Determine if the HTTP request uses a â€˜readâ€™ verb.

      [2m+41 vendor frames [22m
  42  tests/Feature/InvitationFunctionalityTest.php:187

  â”€â”€â”€â”€â”€â”€â”€â”€â”€â”€â”€â”€â”€â”€â”€â”€â”€â”€â”€â”€â”€â”€â”€â”€â”€â”€â”€â”€â”€â”€â”€â”€â”€â”€â”€â”€â”€â”€â”€â”€â”€â”€â”€â”€â”€â”€â”€â”€â”€â”€â”€â”€â”€â”€â”€â”€â”€â”€â”€â”€â”€â”€â”€â”€â”€â”€â”€â”€â”€â”€â”€â”€â”€â”€â”€â”€  
   FAILED  Tests\Feature\InvitationFunctionalityTest > invitation email valiâ€¦   
  Failed asserting that exception of type "Illuminate\Session\TokenMismatchException" matches expected exception "Illuminate\Validation\ValidationException". Message was: "CSRF token mismatch." at
/var/www/html/vendor/laravel/framework/src/Illuminate/Foundation/Http/Middleware/VerifyCsrfToken.php:94
/var/www/html/vendor/laravel/framework/src/Illuminate/Pipeline/Pipeline.php:219
/var/www/html/vendor/laravel/framework/src/Illuminate/View/Middleware/ShareErrorsFromSession.php:48
/var/www/html/vendor/laravel/framework/src/Illuminate/Pipeline/Pipeline.php:219
/var/www/html/vendor/laravel/framework/src/Illuminate/Session/Middleware/StartSession.php:120
/var/www/html/vendor/laravel/framework/src/Illuminate/Session/Middleware/StartSession.php:63
/var/www/html/vendor/laravel/framework/src/Illuminate/Pipeline/Pipeline.php:219
/var/www/html/vendor/laravel/framework/src/Illuminate/Cookie/Middleware/AddQueuedCookiesToResponse.php:36
/var/www/html/vendor/laravel/framework/src/Illuminate/Pipeline/Pipeline.php:219
/var/www/html/vendor/laravel/framework/src/Illuminate/Cookie/Middleware/EncryptCookies.php:74
/var/www/html/vendor/laravel/framework/src/Illuminate/Pipeline/Pipeline.php:219
/var/www/html/vendor/laravel/framework/src/Illuminate/Pipeline/Pipeline.php:137
/var/www/html/vendor/laravel/framework/src/Illuminate/Routing/Router.php:821
/var/www/html/vendor/laravel/framework/src/Illuminate/Routing/Router.php:800
/var/www/html/vendor/laravel/framework/src/Illuminate/Routing/Router.php:764
/var/www/html/vendor/laravel/framework/src/Illuminate/Routing/Router.php:753
/var/www/html/vendor/laravel/framework/src/Illuminate/Foundation/Http/Kernel.php:200
/var/www/html/vendor/laravel/framework/src/Illuminate/Pipeline/Pipeline.php:180
/var/www/html/vendor/livewire/livewire/src/Features/SupportDisablingBackButtonCache/DisableBackButtonCacheMiddleware.php:19
/var/www/html/vendor/laravel/framework/src/Illuminate/Pipeline/Pipeline.php:219
/var/www/html/vendor/laravel/framework/src/Illuminate/Foundation/Http/Middleware/TransformsRequest.php:21
/var/www/html/vendor/laravel/framework/src/Illuminate/Foundation/Http/Middleware/ConvertEmptyStringsToNull.php:31
/var/www/html/vendor/laravel/framework/src/Illuminate/Pipeline/Pipeline.php:219
/var/www/html/vendor/laravel/framework/src/Illuminate/Foundation/Http/Middleware/TransformsRequest.php:21
/var/www/html/vendor/laravel/framework/src/Illuminate/Foundation/Http/Middleware/TrimStrings.php:51
/var/www/html/vendor/laravel/framework/src/Illuminate/Pipeline/Pipeline.php:219
/var/www/html/vendor/laravel/framework/src/Illuminate/Http/Middleware/ValidatePostSize.php:27
/var/www/html/vendor/laravel/framework/src/Illuminate/Pipeline/Pipeline.php:219
/var/www/html/vendor/laravel/framework/src/Illuminate/Foundation/Http/Middleware/PreventRequestsDuringMaintenance.php:109
/var/www/html/vendor/laravel/framework/src/Illuminate/Pipeline/Pipeline.php:219
/var/www/html/vendor/laravel/framework/src/Illuminate/Http/Middleware/HandleCors.php:48
/var/www/html/vendor/laravel/framework/src/Illuminate/Pipeline/Pipeline.php:219
/var/www/html/vendor/laravel/framework/src/Illuminate/Http/Middleware/TrustProxies.php:58
/var/www/html/vendor/laravel/framework/src/Illuminate/Pipeline/Pipeline.php:219
/var/www/html/vendor/laravel/framework/src/Illuminate/Foundation/Http/Middleware/InvokeDeferredCallbacks.php:22
/var/www/html/vendor/laravel/framework/src/Illuminate/Pipeline/Pipeline.php:219
/var/www/html/vendor/laravel/framework/src/Illuminate/Http/Middleware/ValidatePathEncoding.php:26
/var/www/html/vendor/laravel/framework/src/Illuminate/Pipeline/Pipeline.php:219
/var/www/html/vendor/laravel/framework/src/Illuminate/Pipeline/Pipeline.php:137
/var/www/html/vendor/laravel/framework/src/Illuminate/Foundation/Http/Kernel.php:175
/var/www/html/vendor/laravel/framework/src/Illuminate/Foundation/Http/Kernel.php:144
/var/www/html/vendor/laravel/framework/src/Illuminate/Foundation/Testing/Concerns/MakesHttpRequests.php:607
/var/www/html/vendor/laravel/framework/src/Illuminate/Foundation/Testing/Concerns/MakesHttpRequests.php:397
/var/www/html/tests/Feature/InvitationFunctionalityTest.php:219
.

  â”€â”€â”€â”€â”€â”€â”€â”€â”€â”€â”€â”€â”€â”€â”€â”€â”€â”€â”€â”€â”€â”€â”€â”€â”€â”€â”€â”€â”€â”€â”€â”€â”€â”€â”€â”€â”€â”€â”€â”€â”€â”€â”€â”€â”€â”€â”€â”€â”€â”€â”€â”€â”€â”€â”€â”€â”€â”€â”€â”€â”€â”€â”€â”€â”€â”€â”€â”€â”€â”€â”€â”€â”€â”€â”€â”€  
   FAILED  Tests\Feature\Livewire\CrossingFormTest > it valiâ€¦  QueryException   
  SQLSTATE[22007]: Invalid datetime format: 1292 Incorrect date value: '' for column `cacaloo`.`crossings`.`date` at row 1 (Connection: mysql, SQL: insert into `crossings` (`entity`, `date`, `purpose`, `user_id`, `updated_at`, `created_at`) values (, , , 80, 2025-12-02 19:27:07, 2025-12-02 19:27:07))

  at vendor/laravel/framework/src/Illuminate/Database/MySqlConnection.php:53
     49â–•             $this->bindValues($statement, $this->prepareBindings($bindings));
     50â–• 
     51â–•             $this->recordsHaveBeenModified();
     52â–• 
  âžœ  53â–•             $result = $statement->execute();
     54â–• 
     55â–•             $this->lastInsertId = $this->getPdo()->lastInsertId($sequence);
     56â–• 
     57â–•             return $result;

      [2m+13 vendor frames [22m
  14  app/Livewire/CrossingForm.php:49
      [2m+32 vendor frames [22m
  47  tests/Feature/Livewire/CrossingFormTest.php:154

  â”€â”€â”€â”€â”€â”€â”€â”€â”€â”€â”€â”€â”€â”€â”€â”€â”€â”€â”€â”€â”€â”€â”€â”€â”€â”€â”€â”€â”€â”€â”€â”€â”€â”€â”€â”€â”€â”€â”€â”€â”€â”€â”€â”€â”€â”€â”€â”€â”€â”€â”€â”€â”€â”€â”€â”€â”€â”€â”€â”€â”€â”€â”€â”€â”€â”€â”€â”€â”€â”€â”€â”€â”€â”€â”€â”€  
   FAILED  Tests\Feature\ProfileTest > profile information can be updated       
  Expected response status code [201, 301, 302, 303, 307, 308] but received 419.
Failed asserting that false is true.

  at tests/Feature/ProfileTest.php:37
     33â–•             ]);
     34â–• 
     35â–•         $response
     36â–•             ->assertSessionHasNoErrors()
  âžœ  37â–•             ->assertRedirect('/profile');
     38â–• 
     39â–•         $user->refresh();
     40â–• 
     41â–•         $this->assertSame('Test User', $user->name);

  â”€â”€â”€â”€â”€â”€â”€â”€â”€â”€â”€â”€â”€â”€â”€â”€â”€â”€â”€â”€â”€â”€â”€â”€â”€â”€â”€â”€â”€â”€â”€â”€â”€â”€â”€â”€â”€â”€â”€â”€â”€â”€â”€â”€â”€â”€â”€â”€â”€â”€â”€â”€â”€â”€â”€â”€â”€â”€â”€â”€â”€â”€â”€â”€â”€â”€â”€â”€â”€â”€â”€â”€â”€â”€â”€â”€  
   FAILED  Tests\Feature\ProfileTest > email verification status is unchangeâ€¦   
  Expected response status code [201, 301, 302, 303, 307, 308] but received 419.
Failed asserting that false is true.

  at tests/Feature/ProfileTest.php:59
     55â–•             ]);
     56â–• 
     57â–•         $response
     58â–•             ->assertSessionHasNoErrors()
  âžœ  59â–•             ->assertRedirect('/profile');
     60â–• 
     61â–•         $this->assertNotNull($user->refresh()->email_verified_at);
     62â–•     }
     63â–•

  â”€â”€â”€â”€â”€â”€â”€â”€â”€â”€â”€â”€â”€â”€â”€â”€â”€â”€â”€â”€â”€â”€â”€â”€â”€â”€â”€â”€â”€â”€â”€â”€â”€â”€â”€â”€â”€â”€â”€â”€â”€â”€â”€â”€â”€â”€â”€â”€â”€â”€â”€â”€â”€â”€â”€â”€â”€â”€â”€â”€â”€â”€â”€â”€â”€â”€â”€â”€â”€â”€â”€â”€â”€â”€â”€â”€  
   FAILED  Tests\Feature\ProfileTest > user can delete their account            
  Expected response status code [201, 301, 302, 303, 307, 308] but received 419.
Failed asserting that false is true.

  at tests/Feature/ProfileTest.php:76
     72â–•             ]);
     73â–• 
     74â–•         $response
     75â–•             ->assertSessionHasNoErrors()
  âžœ  76â–•             ->assertRedirect('/');
     77â–• 
     78â–•         $this->assertGuest();
     79â–•         $this->assertNull($user->fresh());
     80â–•     }

  â”€â”€â”€â”€â”€â”€â”€â”€â”€â”€â”€â”€â”€â”€â”€â”€â”€â”€â”€â”€â”€â”€â”€â”€â”€â”€â”€â”€â”€â”€â”€â”€â”€â”€â”€â”€â”€â”€â”€â”€â”€â”€â”€â”€â”€â”€â”€â”€â”€â”€â”€â”€â”€â”€â”€â”€â”€â”€â”€â”€â”€â”€â”€â”€â”€â”€â”€â”€â”€â”€â”€â”€â”€â”€â”€â”€  
   FAILED  Tests\Feature\ProfileTest > correct password must be provided toâ€¦    
  Session is missing expected key [errors].
Failed asserting that false is true.

  at tests/Feature/ProfileTest.php:94
     90â–•                 'password' => 'wrong-password',
     91â–•             ]);
     92â–• 
     93â–•         $response
  âžœ  94â–•             ->assertSessionHasErrorsIn('userDeletion', 'password')
     95â–•             ->assertRedirect('/profile');
     96â–• 
     97â–•         $this->assertNotNull($user->fresh());
     98â–•     }


  Tests:    30 failed, 174 passed (888 assertions)
  Duration: 21.73s

