
   WARN  Metadata found in doc-comment for method Tests\Feature\Livewire\AmaciFormTest::it_renders_successfully(). Metadata in doc-comments is deprecated and will no longer be supported in PHPUnit 12. Update your test code to use attributes instead.

   WARN  Metadata found in doc-comment for method Tests\Feature\Livewire\AmaciFormTest::it_can_create_an_amaci(). Metadata in doc-comments is deprecated and will no longer be supported in PHPUnit 12. Update your test code to use attributes instead.

   WARN  Metadata found in doc-comment for method Tests\Feature\Livewire\AmaciFormTest::it_loads_amacis_on_mount(). Metadata in doc-comments is deprecated and will no longer be supported in PHPUnit 12. Update your test code to use attributes instead.

   WARN  Metadata found in doc-comment for method Tests\Feature\Livewire\AmaciFormTest::it_can_edit_an_amaci(). Metadata in doc-comments is deprecated and will no longer be supported in PHPUnit 12. Update your test code to use attributes instead.

   WARN  Metadata found in doc-comment for method Tests\Feature\Livewire\AmaciFormTest::it_can_delete_an_amaci(). Metadata in doc-comments is deprecated and will no longer be supported in PHPUnit 12. Update your test code to use attributes instead.

   WARN  Metadata found in doc-comment for method Tests\Feature\Livewire\AmaciFormTest::it_can_cancel_editing(). Metadata in doc-comments is deprecated and will no longer be supported in PHPUnit 12. Update your test code to use attributes instead.

   WARN  Metadata found in doc-comment for method Tests\Feature\Livewire\AmaciFormTest::it_cannot_edit_another_users_amaci(). Metadata in doc-comments is deprecated and will no longer be supported in PHPUnit 12. Update your test code to use attributes instead.

   WARN  Metadata found in doc-comment for method Tests\Feature\Livewire\AmaciFormTest::it_cannot_delete_another_users_amaci(). Metadata in doc-comments is deprecated and will no longer be supported in PHPUnit 12. Update your test code to use attributes instead.

   WARN  Metadata found in doc-comment for method Tests\Feature\Livewire\AmaciFormTest::it_validates_date_format(). Metadata in doc-comments is deprecated and will no longer be supported in PHPUnit 12. Update your test code to use attributes instead.

   WARN  Metadata found in doc-comment for method Tests\Feature\Livewire\AmaciFormTest::it_validates_max_length(). Metadata in doc-comments is deprecated and will no longer be supported in PHPUnit 12. Update your test code to use attributes instead.

   WARN  Metadata found in doc-comment for method Tests\Feature\Livewire\AmaciFormTest::it_dispatches_profile_updated_event(). Metadata in doc-comments is deprecated and will no longer be supported in PHPUnit 12. Update your test code to use attributes instead.

   WARN  Metadata found in doc-comment for method Tests\Feature\Livewire\CrossingFormTest::it_renders_successfully(). Metadata in doc-comments is deprecated and will no longer be supported in PHPUnit 12. Update your test code to use attributes instead.

   WARN  Metadata found in doc-comment for method Tests\Feature\Livewire\CrossingFormTest::it_can_create_a_crossing(). Metadata in doc-comments is deprecated and will no longer be supported in PHPUnit 12. Update your test code to use attributes instead.

   WARN  Metadata found in doc-comment for method Tests\Feature\Livewire\CrossingFormTest::it_loads_crossings_on_mount(). Metadata in doc-comments is deprecated and will no longer be supported in PHPUnit 12. Update your test code to use attributes instead.

   WARN  Metadata found in doc-comment for method Tests\Feature\Livewire\CrossingFormTest::it_can_edit_a_crossing(). Metadata in doc-comments is deprecated and will no longer be supported in PHPUnit 12. Update your test code to use attributes instead.

   WARN  Metadata found in doc-comment for method Tests\Feature\Livewire\CrossingFormTest::it_can_delete_a_crossing(). Metadata in doc-comments is deprecated and will no longer be supported in PHPUnit 12. Update your test code to use attributes instead.

   WARN  Metadata found in doc-comment for method Tests\Feature\Livewire\CrossingFormTest::it_can_cancel_editing(). Metadata in doc-comments is deprecated and will no longer be supported in PHPUnit 12. Update your test code to use attributes instead.

   WARN  Metadata found in doc-comment for method Tests\Feature\Livewire\CrossingFormTest::it_cannot_edit_another_users_crossing(). Metadata in doc-comments is deprecated and will no longer be supported in PHPUnit 12. Update your test code to use attributes instead.

   WARN  Metadata found in doc-comment for method Tests\Feature\Livewire\CrossingFormTest::it_cannot_delete_another_users_crossing(). Metadata in doc-comments is deprecated and will no longer be supported in PHPUnit 12. Update your test code to use attributes instead.

   WARN  Metadata found in doc-comment for method Tests\Feature\Livewire\CrossingFormTest::it_validates_required_fields(). Metadata in doc-comments is deprecated and will no longer be supported in PHPUnit 12. Update your test code to use attributes instead.

   WARN  Metadata found in doc-comment for method Tests\Feature\Livewire\CrossingFormTest::it_validates_date_format(). Metadata in doc-comments is deprecated and will no longer be supported in PHPUnit 12. Update your test code to use attributes instead.

   WARN  Metadata found in doc-comment for method Tests\Feature\Livewire\CrossingFormTest::it_validates_max_length(). Metadata in doc-comments is deprecated and will no longer be supported in PHPUnit 12. Update your test code to use attributes instead.

   WARN  Metadata found in doc-comment for method Tests\Feature\Livewire\CrossingFormTest::it_shows_success_message_after_save(). Metadata in doc-comments is deprecated and will no longer be supported in PHPUnit 12. Update your test code to use attributes instead.

   WARN  Metadata found in doc-comment for method Tests\Feature\Livewire\CrossingFormTest::it_dispatches_profile_updated_event(). Metadata in doc-comments is deprecated and will no longer be supported in PHPUnit 12. Update your test code to use attributes instead.

   WARN  Metadata found in doc-comment for method Tests\Feature\Livewire\CrowningFormTest::it_renders_successfully(). Metadata in doc-comments is deprecated and will no longer be supported in PHPUnit 12. Update your test code to use attributes instead.

   WARN  Metadata found in doc-comment for method Tests\Feature\Livewire\CrowningFormTest::it_can_create_a_crowning(). Metadata in doc-comments is deprecated and will no longer be supported in PHPUnit 12. Update your test code to use attributes instead.

   WARN  Metadata found in doc-comment for method Tests\Feature\Livewire\CrowningFormTest::it_can_edit_a_crowning(). Metadata in doc-comments is deprecated and will no longer be supported in PHPUnit 12. Update your test code to use attributes instead.

   WARN  Metadata found in doc-comment for method Tests\Feature\Livewire\CrowningFormTest::it_cannot_edit_another_users_crowning(). Metadata in doc-comments is deprecated and will no longer be supported in PHPUnit 12. Update your test code to use attributes instead.

   WARN  Metadata found in doc-comment for method Tests\Feature\Livewire\CrowningFormTest::it_dispatches_profile_updated_event(). Metadata in doc-comments is deprecated and will no longer be supported in PHPUnit 12. Update your test code to use attributes instead.

   WARN  Metadata found in doc-comment for method Tests\Feature\Livewire\EntityConsecrationFormTest::it_renders_successfully(). Metadata in doc-comments is deprecated and will no longer be supported in PHPUnit 12. Update your test code to use attributes instead.

   WARN  Metadata found in doc-comment for method Tests\Feature\Livewire\EntityConsecrationFormTest::it_can_create_a_consecration(). Metadata in doc-comments is deprecated and will no longer be supported in PHPUnit 12. Update your test code to use attributes instead.

   WARN  Metadata found in doc-comment for method Tests\Feature\Livewire\EntityConsecrationFormTest::it_loads_consecrations_on_mount(). Metadata in doc-comments is deprecated and will no longer be supported in PHPUnit 12. Update your test code to use attributes instead.

   WARN  Metadata found in doc-comment for method Tests\Feature\Livewire\EntityConsecrationFormTest::it_can_edit_a_consecration(). Metadata in doc-comments is deprecated and will no longer be supported in PHPUnit 12. Update your test code to use attributes instead.

   WARN  Metadata found in doc-comment for method Tests\Feature\Livewire\EntityConsecrationFormTest::it_can_delete_a_consecration(). Metadata in doc-comments is deprecated and will no longer be supported in PHPUnit 12. Update your test code to use attributes instead.

   WARN  Metadata found in doc-comment for method Tests\Feature\Livewire\EntityConsecrationFormTest::it_can_cancel_editing(). Metadata in doc-comments is deprecated and will no longer be supported in PHPUnit 12. Update your test code to use attributes instead.

   WARN  Metadata found in doc-comment for method Tests\Feature\Livewire\EntityConsecrationFormTest::it_cannot_edit_another_users_consecration(). Metadata in doc-comments is deprecated and will no longer be supported in PHPUnit 12. Update your test code to use attributes instead.

   WARN  Metadata found in doc-comment for method Tests\Feature\Livewire\EntityConsecrationFormTest::it_cannot_delete_another_users_consecration(). Metadata in doc-comments is deprecated and will no longer be supported in PHPUnit 12. Update your test code to use attributes instead.

   WARN  Metadata found in doc-comment for method Tests\Feature\Livewire\EntityConsecrationFormTest::it_validates_date_format(). Metadata in doc-comments is deprecated and will no longer be supported in PHPUnit 12. Update your test code to use attributes instead.

   WARN  Metadata found in doc-comment for method Tests\Feature\Livewire\EntityConsecrationFormTest::it_validates_max_length(). Metadata in doc-comments is deprecated and will no longer be supported in PHPUnit 12. Update your test code to use attributes instead.

   WARN  Metadata found in doc-comment for method Tests\Feature\Livewire\EntityConsecrationFormTest::it_shows_success_message_after_save(). Metadata in doc-comments is deprecated and will no longer be supported in PHPUnit 12. Update your test code to use attributes instead.

   WARN  Metadata found in doc-comment for method Tests\Feature\Livewire\EntityConsecrationFormTest::it_dispatches_profile_updated_event(). Metadata in doc-comments is deprecated and will no longer be supported in PHPUnit 12. Update your test code to use attributes instead.

   WARN  Metadata found in doc-comment for method Tests\Feature\Livewire\LastTempleFormTest::it_renders_successfully(). Metadata in doc-comments is deprecated and will no longer be supported in PHPUnit 12. Update your test code to use attributes instead.

   WARN  Metadata found in doc-comment for method Tests\Feature\Livewire\LastTempleFormTest::it_can_save_last_temple(). Metadata in doc-comments is deprecated and will no longer be supported in PHPUnit 12. Update your test code to use attributes instead.

   WARN  Metadata found in doc-comment for method Tests\Feature\Livewire\LastTempleFormTest::it_dispatches_profile_updated_event(). Metadata in doc-comments is deprecated and will no longer be supported in PHPUnit 12. Update your test code to use attributes instead.

   WARN  Metadata found in doc-comment for method Tests\Feature\Livewire\RemainingFormsTest::personal_data_form_renders(). Metadata in doc-comments is deprecated and will no longer be supported in PHPUnit 12. Update your test code to use attributes instead.

   WARN  Metadata found in doc-comment for method Tests\Feature\Livewire\RemainingFormsTest::religious_info_form_renders(). Metadata in doc-comments is deprecated and will no longer be supported in PHPUnit 12. Update your test code to use attributes instead.

   WARN  Metadata found in doc-comment for method Tests\Feature\Livewire\RemainingFormsTest::priestly_formation_form_renders(). Metadata in doc-comments is deprecated and will no longer be supported in PHPUnit 12. Update your test code to use attributes instead.

   WARN  Metadata found in doc-comment for method Tests\Feature\Livewire\RemainingFormsTest::force_cross_form_renders(). Metadata in doc-comments is deprecated and will no longer be supported in PHPUnit 12. Update your test code to use attributes instead.

   WARN  Metadata found in doc-comment for method Tests\Feature\Livewire\RemainingFormsTest::head_orisha_form_renders(). Metadata in doc-comments is deprecated and will no longer be supported in PHPUnit 12. Update your test code to use attributes instead.

   WARN  Metadata found in doc-comment for method Tests\Feature\Livewire\RemainingFormsTest::divine_magic_form_renders(). Metadata in doc-comments is deprecated and will no longer be supported in PHPUnit 12. Update your test code to use attributes instead.

   WARN  Metadata found in doc-comment for method Tests\Feature\Livewire\RemainingFormsTest::initiated_orisha_form_renders(). Metadata in doc-comments is deprecated and will no longer be supported in PHPUnit 12. Update your test code to use attributes instead.

   WARN  Metadata found in doc-comment for method Tests\Feature\Livewire\RemainingFormsTest::initiated_mystery_form_renders(). Metadata in doc-comments is deprecated and will no longer be supported in PHPUnit 12. Update your test code to use attributes instead.

   WARN  Metadata found in doc-comment for method Tests\Feature\Livewire\RemainingFormsTest::religious_course_form_renders(). Metadata in doc-comments is deprecated and will no longer be supported in PHPUnit 12. Update your test code to use attributes instead.

   WARN  Metadata found in doc-comment for method Tests\Feature\Livewire\RemainingFormsTest::personal_data_form_dispatches_event(). Metadata in doc-comments is deprecated and will no longer be supported in PHPUnit 12. Update your test code to use attributes instead.

   WARN  Metadata found in doc-comment for method Tests\Feature\Livewire\RemainingFormsTest::religious_info_form_dispatches_event(). Metadata in doc-comments is deprecated and will no longer be supported in PHPUnit 12. Update your test code to use attributes instead.

   WARN  Metadata found in doc-comment for method Tests\Feature\Livewire\RemainingFormsTest::priestly_formation_form_dispatches_event(). Metadata in doc-comments is deprecated and will no longer be supported in PHPUnit 12. Update your test code to use attributes instead.

   WARN  Metadata found in doc-comment for method Tests\Feature\Livewire\WorkGuideFormTest::it_renders_successfully(). Metadata in doc-comments is deprecated and will no longer be supported in PHPUnit 12. Update your test code to use attributes instead.

   WARN  Metadata found in doc-comment for method Tests\Feature\Livewire\WorkGuideFormTest::it_can_save_work_guides(). Metadata in doc-comments is deprecated and will no longer be supported in PHPUnit 12. Update your test code to use attributes instead.

   WARN  Metadata found in doc-comment for method Tests\Feature\Livewire\WorkGuideFormTest::it_validates_max_length(). Metadata in doc-comments is deprecated and will no longer be supported in PHPUnit 12. Update your test code to use attributes instead.

   WARN  Metadata found in doc-comment for method Tests\Feature\Livewire\WorkGuideFormTest::it_dispatches_profile_updated_event(). Metadata in doc-comments is deprecated and will no longer be supported in PHPUnit 12. Update your test code to use attributes instead.

   PASS  Tests\Unit\ExampleTest
  âœ“ that true is true                                                    0.10s  

   PASS  Tests\Unit\Http\Controllers\RoleControllerTest
  âœ“ basic test                                                           0.08s  

   PASS  Tests\Unit\Http\Controllers\UserControllerTest
  âœ“ basic test

   PASS  Tests\Unit\Http\KernelTest
  âœ“ basic test

   PASS  Tests\Unit\Http\Middleware\AdminAccessTest
  âœ“ basic test

   PASS  Tests\Unit\Http\Middleware\AuthenticateTest
  âœ“ basic test

   PASS  Tests\Unit\Http\Middleware\CheckRoleTest
  âœ“ basic test

   PASS  Tests\Unit\Http\Middleware\RedirectIfAuthenticatedTest
  âœ“ basic test

   PASS  Tests\Unit\Http\Middleware\SysAdminAccessTest
  âœ“ basic test

   PASS  Tests\Unit\Http\Requests\Auth\LoginRequestTest
  âœ“ basic test

   PASS  Tests\Unit\Http\Requests\ProfileUpdateRequestTest
  âœ“ basic test

   PASS  Tests\Unit\InvitationModelTest
  âœ“ is valid returns true for pending non expired invitation             5.54s  
  âœ“ is valid returns false for expired invitation                        0.10s  
  âœ“ is valid returns false for cancelled invitation                      0.10s  
  âœ“ is valid returns false for accepted invitation                       0.10s  
  âœ“ mark as accepted updates invitation                                  0.13s  
  âœ“ mark as cancelled updates invitation                                 0.10s  
  âœ“ generate token creates unique token                                  0.10s  

   PASS  Tests\Unit\InvitationServiceTest
  âœ“ mark as accepted method                                              0.11s  
  âœ“ mark as accepted throws exception for invalid invitation             0.12s  
  âœ“ create method sends email                                            0.23s  
  âœ“ create method sets expiration days                                   0.52s  

   PASS  Tests\Unit\Models\UserTest
  âœ“ basic test
  âœ“ user attributes
  âœ“ user role checking

   PASS  Tests\Unit\Providers\AppServiceProviderTest
  âœ“ basic test

   PASS  Tests\Unit\Providers\RoleServiceProviderTest
  âœ“ basic test
  âœ“ blade directives

   PASS  Tests\Unit\Utils\ArrayHelperTest
  âœ“ is associative
  âœ“ filter empty
  âœ“ get
  âœ“ map
  âœ“ implode

   PASS  Tests\Unit\Utils\DateHelperTest
  âœ“ format
  âœ“ diff in days
  âœ“ is after
  âœ“ add days
  âœ“ convert timezone

   PASS  Tests\Unit\Utils\FileHelperTest
  âœ“ get extension
  âœ“ exists
  âœ“ format size
  âœ“ make directory
  âœ“ get mime type                                                        0.01s  

   PASS  Tests\Unit\Utils\FormatHelperTest
  âœ“ currency                                                             0.01s  
  âœ“ percentage
  âœ“ phone
  âœ“ cpf
  âœ“ cnpj
  âœ“ date

   PASS  Tests\Unit\Utils\HtmlHelperTest
  âœ“ escape                                                               0.01s  
  âœ“ link
  âœ“ image
  âœ“ list
  âœ“ table

   PASS  Tests\Unit\Utils\JsonHelperTest
  âœ“ encode
  âœ“ decode                                                               0.01s  
  âœ“ is valid
  âœ“ get last error
  âœ“ format

   PASS  Tests\Unit\Utils\NumberHelperTest
  âœ“ format
  âœ“ ceil
  âœ“ floor
  âœ“ in range
  âœ“ clamp
  âœ“ percentage
  âœ“ random                                                               0.03s  

   PASS  Tests\Unit\Utils\PasswordHelperTest
  âœ“ hash                                                                 0.20s  
  âœ“ verify                                                               0.53s  
  âœ“ needs rehash                                                         0.22s  
  âœ“ generate                                                             0.01s  
  âœ“ strength
  âœ“ is secure

   PASS  Tests\Unit\Utils\StringHelperTest
  âœ“ title case                                                           0.01s  
  âœ“ remove special chars
  âœ“ limit string
  âœ“ slug
  âœ“ contains with string
  âœ“ contains with array

   PASS  Tests\Unit\Utils\UrlHelperTest
  âœ“ is valid                                                             0.01s  
  âœ“ get scheme
  âœ“ get host
  âœ“ get path
  âœ“ get query
  âœ“ get query param
  âœ“ build query

   PASS  Tests\Unit\Utils\ValidationHelperTest
  âœ“ is email                                                             0.01s  
  âœ“ is url
  âœ“ is alpha
  âœ“ is alpha numeric
  âœ“ is numeric
  âœ“ is date

   PASS  Tests\Unit\View\Components\AppLayoutTest
  âœ“ basic test

   PASS  Tests\Unit\View\Components\GuestLayoutTest
  âœ“ basic test

   FAIL  Tests\Feature\Admin\UserControllerTest
  âœ“ admin can view users list                                            0.79s  
  âœ“ admin can access user create form                                    0.26s  
  âœ“ admin can create new user                                            0.25s  
  âœ“ admin can edit existing user                                         0.22s  
  âœ“ admin can update existing user                                       0.12s  
  â¨¯ admin can delete user                                                0.26s  
  âœ“ cannot delete system admin user                                      0.12s  

   PASS  Tests\Feature\Auth\AuthenticationTest
  âœ“ login screen can be rendered                                         0.16s  
  âœ“ users can authenticate using the login screen                        0.16s  
  âœ“ users can not authenticate with invalid password                     0.35s  
  âœ“ users can logout                                                     0.11s  

   PASS  Tests\Feature\Auth\EmailVerificationTest
  âœ“ email verification screen can be rendered                            0.14s  
  âœ“ email can be verified                                                0.16s  
  âœ“ email is not verified with invalid hash                              0.18s  

   PASS  Tests\Feature\Auth\PasswordConfirmationTest
  âœ“ confirm password screen can be rendered                              0.16s  
  âœ“ password can be confirmed                                            0.11s  
  âœ“ password is not confirmed with invalid password                      0.31s  

   PASS  Tests\Feature\Auth\PasswordResetTest
  âœ“ reset password link screen can be rendered                           0.16s  
  âœ“ reset password link can be requested                                 0.40s  
  âœ“ reset password screen can be rendered                                0.38s  
  âœ“ password can be reset with valid token                               0.35s  

   PASS  Tests\Feature\Auth\PasswordUpdateTest
  âœ“ password can be updated                                              0.12s  
  âœ“ correct password must be provided to update password                 0.12s  

   FAIL  Tests\Feature\Auth\PermissionTest
  â¨¯ user with view permission can see users list                         0.13s  
  â¨¯ admin can see admin menu                                             0.24s  
  âœ“ sysadmin can access any permission                                   0.15s  
  âœ“ regular user cannot access unassigned permissions                    0.12s  

   FAIL  Tests\Feature\Auth\RegistrationTest
  â¨¯ registration screen can be rendered                                  0.11s  
  â¨¯ new users can register                                               0.11s  

   FAIL  Tests\Feature\Auth\RoleMiddlewareTest
  âœ“ unauthenticated user is redirected to login                          0.11s  
  âœ“ sysadmin can access admin area                                       0.13s  
  âœ“ admin can access users area                                          0.13s  
  â¨¯ regular user cannot access admin area                                0.12s  
  â¨¯ user without specific role cannot access restricted area             0.20s  

   PASS  Tests\Feature\ExampleTest
  âœ“ the application returns a successful response                        0.20s  

   PASS  Tests\Feature\InvitationAccessTest
  âœ“ admin can access invitations area                                    0.15s  
  âœ“ sysadmin can access invitations area                                 0.13s  
  âœ“ regular user cannot access invitations area                          0.10s  

   PASS  Tests\Feature\InvitationFunctionalityTest
  âœ“ admin can create invitation                                          0.12s  
  âœ“ admin can create anonymous invitation                                0.11s  
  âœ“ invited user receives user role automatically                        0.20s  
  âœ“ admin can resend invitation                                          0.11s  
  âœ“ admin can cancel invitation                                          0.16s  
  âœ“ invitation email validation                                          0.18s  
  âœ“ admin can view invitation details                                    0.18s  

   PASS  Tests\Feature\Livewire\AmaciFormTest
  âœ“ it renders successfully                                              0.39s  
  âœ“ it can create an amaci                                               0.26s  
  âœ“ it loads amacis on mount                                             0.17s  
  âœ“ it can edit an amaci                                                 0.18s  
  âœ“ it can delete an amaci                                               0.16s  
  âœ“ it can cancel editing                                                0.17s  
  âœ“ it cannot edit another users amaci                                   0.15s  
  âœ“ it cannot delete another users amaci                                 0.15s  
  âœ“ it validates date format                                             0.17s  
  âœ“ it validates max length                                              0.17s  
  âœ“ it dispatches profile updated event                                  0.17s  

   FAIL  Tests\Feature\Livewire\CrossingFormTest
  âœ“ it renders successfully                                              0.16s  
  âœ“ it can create a crossing                                             0.18s  
  âœ“ it loads crossings on mount                                          0.15s  
  âœ“ it can edit a crossing                                               0.19s  
  âœ“ it can delete a crossing                                             0.16s  
  âœ“ it can cancel editing                                                0.16s  
  âœ“ it cannot edit another users crossing                                0.15s  
  âœ“ it cannot delete another users crossing                              0.15s  
  â¨¯ it validates required fields                                         0.29s  
  âœ“ it validates date format                                             0.17s  
  âœ“ it validates max length                                              0.17s  
  âœ“ it shows success message after save                                  0.16s  
  âœ“ it dispatches profile updated event                                  0.16s  

   PASS  Tests\Feature\Livewire\CrowningFormTest
  âœ“ it renders successfully                                              0.16s  
  âœ“ it can create a crowning                                             0.19s  
  âœ“ it can edit a crowning                                               0.17s  
  âœ“ it cannot edit another users crowning                                0.14s  
  âœ“ it dispatches profile updated event                                  0.17s  

   PASS  Tests\Feature\Livewire\EntityConsecrationFormTest
  âœ“ it renders successfully                                              0.15s  
  âœ“ it can create a consecration                                         0.18s  
  âœ“ it loads consecrations on mount                                      0.15s  
  âœ“ it can edit a consecration                                           0.19s  
  âœ“ it can delete a consecration                                         0.16s  
  âœ“ it can cancel editing                                                0.17s  
  âœ“ it cannot edit another users consecration                            0.16s  
  âœ“ it cannot delete another users consecration                          0.16s  
  âœ“ it validates date format                                             0.17s  
  âœ“ it validates max length                                              0.18s  
  âœ“ it shows success message after save                                  0.16s  
  âœ“ it dispatches profile updated event                                  0.17s  

   PASS  Tests\Feature\Livewire\LastTempleFormTest
  âœ“ it renders successfully                                              0.17s  
  âœ“ it can save last temple                                              0.17s  
  âœ“ it dispatches profile updated event                                  0.16s  

   PASS  Tests\Feature\Livewire\RemainingFormsTest
  âœ“ personal data form renders                                           0.15s  
  âœ“ religious info form renders                                          0.15s  
  âœ“ priestly formation form renders                                      0.15s  
  âœ“ force cross form renders                                             0.15s  
  âœ“ head orisha form renders                                             0.15s  
  âœ“ divine magic form renders                                            0.16s  
  âœ“ initiated orisha form renders                                        0.15s  
  âœ“ initiated mystery form renders                                       0.16s  
  âœ“ religious course form renders                                        0.15s  
  âœ“ personal data form dispatches event                                  0.16s  
  âœ“ religious info form dispatches event                                 0.16s  
  âœ“ priestly formation form dispatches event                             0.17s  

   PASS  Tests\Feature\Livewire\WorkGuideFormTest
  âœ“ it renders successfully                                              0.16s  
  âœ“ it can save work guides                                              0.18s  
  âœ“ it validates max length                                              0.17s  
  âœ“ it dispatches profile updated event                                  0.17s  

   PASS  Tests\Feature\Models\UserTest
  âœ“ can create user                                                      0.10s  

   FAIL  Tests\Feature\ProfileTest
  âœ“ profile page is displayed                                            0.31s  
  âœ“ profile information can be updated                                   0.14s  
  âœ“ email verification status is unchanged when the email address is unâ€¦ 0.11s  
  â¨¯ user can delete their account                                        0.11s  
  âœ“ correct password must be provided to delete account                  0.11s  
  â”€â”€â”€â”€â”€â”€â”€â”€â”€â”€â”€â”€â”€â”€â”€â”€â”€â”€â”€â”€â”€â”€â”€â”€â”€â”€â”€â”€â”€â”€â”€â”€â”€â”€â”€â”€â”€â”€â”€â”€â”€â”€â”€â”€â”€â”€â”€â”€â”€â”€â”€â”€â”€â”€â”€â”€â”€â”€â”€â”€â”€â”€â”€â”€â”€â”€â”€â”€â”€â”€â”€â”€â”€â”€â”€â”€  
   FAILED  Tests\Feature\Admin\UserControllerTest > admin can delete user       
  Failed asserting that a row in the table [users] does not match the attributes {
    "id": 23
}.

Found similar results: [
    {
        "id": 23
    }
].

  at tests/Feature/Admin/UserControllerTest.php:155
    151â–• 
    152â–•         $response = $this->actingAs($this->admin)->delete('/admin/users/' . $user->id);
    153â–• 
    154â–•         $response->assertRedirect('/admin/users');
  âžœ 155â–•         $this->assertDatabaseMissing('users', [
    156â–•             'id' => $user->id,
    157â–•         ]);
    158â–•     }
    159â–•

  â”€â”€â”€â”€â”€â”€â”€â”€â”€â”€â”€â”€â”€â”€â”€â”€â”€â”€â”€â”€â”€â”€â”€â”€â”€â”€â”€â”€â”€â”€â”€â”€â”€â”€â”€â”€â”€â”€â”€â”€â”€â”€â”€â”€â”€â”€â”€â”€â”€â”€â”€â”€â”€â”€â”€â”€â”€â”€â”€â”€â”€â”€â”€â”€â”€â”€â”€â”€â”€â”€â”€â”€â”€â”€â”€â”€  
   FAILED  Tests\Feature\Auth\PermissionTest > user with view permission canâ€¦   
  Expected response status code [200] but received 302.
Failed asserting that 302 is identical to 200.

  at tests/Feature/Auth/PermissionTest.php:50
     46â–•         $user->assignRole('manager');
     47â–• 
     48â–•         $response = $this->actingAs($user)->get('/admin/users');
     49â–• 
  âžœ  50â–•         $response->assertStatus(200);
     51â–•         $response->assertViewIs('admin.users.index');
     52â–•     }
     53â–• 
     54â–•     /**

  â”€â”€â”€â”€â”€â”€â”€â”€â”€â”€â”€â”€â”€â”€â”€â”€â”€â”€â”€â”€â”€â”€â”€â”€â”€â”€â”€â”€â”€â”€â”€â”€â”€â”€â”€â”€â”€â”€â”€â”€â”€â”€â”€â”€â”€â”€â”€â”€â”€â”€â”€â”€â”€â”€â”€â”€â”€â”€â”€â”€â”€â”€â”€â”€â”€â”€â”€â”€â”€â”€â”€â”€â”€â”€â”€â”€  
   FAILED  Tests\Feature\Auth\PermissionTest > admin can see admin menu         
  Expected: <!DOCTYPE html>\n
  <html lang="pt-BR" class="h-full">\n
  <head>\n
  ... (320 more lines)

  To contain: UsuÃ¡rios

  at tests/Feature/Auth/PermissionTest.php:66
     62â–• 
     63â–•         $response = $this->actingAs($user)->get('/dashboard');
     64â–• 
     65â–•         $response->assertStatus(200);
  âžœ  66â–•         $response->assertSee('UsuÃ¡rios'); // Verifica se o menu de usuÃ¡rios estÃ¡ visÃ­vel
     67â–•     }
     68â–• 
     69â–•     /**
     70â–•      * Teste para verificar se o Gate antes funciona para sysadmin.

  â”€â”€â”€â”€â”€â”€â”€â”€â”€â”€â”€â”€â”€â”€â”€â”€â”€â”€â”€â”€â”€â”€â”€â”€â”€â”€â”€â”€â”€â”€â”€â”€â”€â”€â”€â”€â”€â”€â”€â”€â”€â”€â”€â”€â”€â”€â”€â”€â”€â”€â”€â”€â”€â”€â”€â”€â”€â”€â”€â”€â”€â”€â”€â”€â”€â”€â”€â”€â”€â”€â”€â”€â”€â”€â”€â”€  
   FAILED  Tests\Feature\Auth\RegistrationTest > registration screen can beâ€¦    
  Expected response status code [200] but received 302.
Failed asserting that 302 is identical to 200.

  at tests/Feature/Auth/RegistrationTest.php:16
     12â–•     public function test_registration_screen_can_be_rendered(): void
     13â–•     {
     14â–•         $response = $this->get('/register');
     15â–• 
  âžœ  16â–•         $response->assertStatus(200);
     17â–•     }
     18â–• 
     19â–•     public function test_new_users_can_register(): void
     20â–•     {

  â”€â”€â”€â”€â”€â”€â”€â”€â”€â”€â”€â”€â”€â”€â”€â”€â”€â”€â”€â”€â”€â”€â”€â”€â”€â”€â”€â”€â”€â”€â”€â”€â”€â”€â”€â”€â”€â”€â”€â”€â”€â”€â”€â”€â”€â”€â”€â”€â”€â”€â”€â”€â”€â”€â”€â”€â”€â”€â”€â”€â”€â”€â”€â”€â”€â”€â”€â”€â”€â”€â”€â”€â”€â”€â”€â”€  
   FAILED  Tests\Feature\Auth\RegistrationTest > new users can register         
  The user is not authenticated
Failed asserting that false is true.

  at tests/Feature/Auth/RegistrationTest.php:28
     24â–•             'password' => 'password',
     25â–•             'password_confirmation' => 'password',
     26â–•         ]);
     27â–• 
  âžœ  28â–•         $this->assertAuthenticated();
     29â–•         $response->assertRedirect(route('dashboard', absolute: false));
     30â–•     }
     31â–• }
     32â–•

  â”€â”€â”€â”€â”€â”€â”€â”€â”€â”€â”€â”€â”€â”€â”€â”€â”€â”€â”€â”€â”€â”€â”€â”€â”€â”€â”€â”€â”€â”€â”€â”€â”€â”€â”€â”€â”€â”€â”€â”€â”€â”€â”€â”€â”€â”€â”€â”€â”€â”€â”€â”€â”€â”€â”€â”€â”€â”€â”€â”€â”€â”€â”€â”€â”€â”€â”€â”€â”€â”€â”€â”€â”€â”€â”€â”€  
   FAILED  Tests\Feature\Auth\RoleMiddlewareTest > regular user cannot accesâ€¦   
  Expected response status code [403] but received 302.
Failed asserting that 302 is identical to 403.

  at tests/Feature/Auth/RoleMiddlewareTest.php:85
     81â–•         $user->assignRole('user');
     82â–• 
     83â–•         $response = $this->actingAs($user)->get('/admin/users');
     84â–• 
  âžœ  85â–•         $response->assertStatus(403);
     86â–•     }
     87â–• 
     88â–•     /**
     89â–•      * Teste para verificar se usuÃ¡rio sem papel especÃ­fico nÃ£o pode acessar Ã¡rea restrita.

  â”€â”€â”€â”€â”€â”€â”€â”€â”€â”€â”€â”€â”€â”€â”€â”€â”€â”€â”€â”€â”€â”€â”€â”€â”€â”€â”€â”€â”€â”€â”€â”€â”€â”€â”€â”€â”€â”€â”€â”€â”€â”€â”€â”€â”€â”€â”€â”€â”€â”€â”€â”€â”€â”€â”€â”€â”€â”€â”€â”€â”€â”€â”€â”€â”€â”€â”€â”€â”€â”€â”€â”€â”€â”€â”€â”€  
   FAILED  Tests\Feature\Auth\RoleMiddlewareTest > user without specific rolâ€¦   
  Expected response status code [403] but received 404.
Failed asserting that 404 is identical to 403.

  at tests/Feature/Auth/RoleMiddlewareTest.php:100
     96â–• 
     97â–•         // Tentar acessar Ã¡rea de gerenciamento de papÃ©is (somente sysadmin)
     98â–•         $response = $this->actingAs($user)->get('/admin/roles');
     99â–• 
  âžœ 100â–•         $response->assertStatus(403);
    101â–•     }
    102â–• }
    103â–•

  â”€â”€â”€â”€â”€â”€â”€â”€â”€â”€â”€â”€â”€â”€â”€â”€â”€â”€â”€â”€â”€â”€â”€â”€â”€â”€â”€â”€â”€â”€â”€â”€â”€â”€â”€â”€â”€â”€â”€â”€â”€â”€â”€â”€â”€â”€â”€â”€â”€â”€â”€â”€â”€â”€â”€â”€â”€â”€â”€â”€â”€â”€â”€â”€â”€â”€â”€â”€â”€â”€â”€â”€â”€â”€â”€â”€  
   FAILED  Tests\Feature\Livewire\CrossingFormTest > it valiâ€¦  QueryException   
  SQLSTATE[22007]: Invalid datetime format: 1292 Incorrect date value: '' for column `cacaloo`.`crossings`.`date` at row 1 (Connection: mysql, SQL: insert into `crossings` (`entity`, `date`, `purpose`, `user_id`, `updated_at`, `created_at`) values (, , , 82, 2025-12-02 19:29:50, 2025-12-02 19:29:50))

  at vendor/laravel/framework/src/Illuminate/Database/MySqlConnection.php:53
     49â–•             $this->bindValues($statement, $this->prepareBindings($bindings));
     50â–• 
     51â–•             $this->recordsHaveBeenModified();
     52â–• 
  âžœ  53â–•             $result = $statement->execute();
     54â–• 
     55â–•             $this->lastInsertId = $this->getPdo()->lastInsertId($sequence);
     56â–• 
     57â–•             return $result;

      [2m+13 vendor frames [22m
  14  app/Livewire/CrossingForm.php:49
      [2m+32 vendor frames [22m
  47  tests/Feature/Livewire/CrossingFormTest.php:154

  â”€â”€â”€â”€â”€â”€â”€â”€â”€â”€â”€â”€â”€â”€â”€â”€â”€â”€â”€â”€â”€â”€â”€â”€â”€â”€â”€â”€â”€â”€â”€â”€â”€â”€â”€â”€â”€â”€â”€â”€â”€â”€â”€â”€â”€â”€â”€â”€â”€â”€â”€â”€â”€â”€â”€â”€â”€â”€â”€â”€â”€â”€â”€â”€â”€â”€â”€â”€â”€â”€â”€â”€â”€â”€â”€â”€  
   FAILED  Tests\Feature\ProfileTest > user can delete their account            
  Failed asserting that App\Models\User Object #10308 (
    'connection' => 'mysql',
    'table' => 'users',
    'primaryKey' => 'id',
    'keyType' => 'int',
    'incrementing' => true,
    'with' => Array &0 [],
    'withCount' => Array &1 [],
    'preventsLazyLoading' => false,
    'perPage' => 15,
    'exists' => true,
    'wasRecentlyCreated' => false,
    'escapeWhenCastingToString' => false,
    'attributes' => Array &2 [
        'id' => 130,
        'name' => 'Srta. Eunice Roberta Marinho',
        'email' => 'livia53@example.com',
        'email_verified_at' => '2025-12-02 19:29:57',
        'password' => '$2y$04$HZIt4VUWx5oA7GFGlahBLO544F2BeP3SNF5k8UuQGYFRrIIoq967C',
        'remember_token' => 'yUpLS80bgBkHMgSIwxXvRi8SYR9AoYtCmt8u7p3ee5II3cr9ZA28mxmy1p01',
        'created_at' => '2025-12-02 19:29:57',
        'updated_at' => '2025-12-02 19:29:57',
        'is_active' => 0,
    ],
    'original' => Array &3 [
        'id' => 130,
        'name' => 'Srta. Eunice Roberta Marinho',
        'email' => 'livia53@example.com',
        'email_verified_at' => '2025-12-02 19:29:57',
        'password' => '$2y$04$HZIt4VUWx5oA7GFGlahBLO544F2BeP3SNF5k8UuQGYFRrIIoq967C',
        'remember_token' => 'yUpLS80bgBkHMgSIwxXvRi8SYR9AoYtCmt8u7p3ee5II3cr9ZA28mxmy1p01',
        'created_at' => '2025-12-02 19:29:57',
        'updated_at' => '2025-12-02 19:29:57',
        'is_active' => 0,
    ],
    'changes' => Array &4 [],
    'previous' => Array &5 [],
    'casts' => Array &6 [
        'email_verified_at' => 'datetime',
        'password' => 'hashed',
        'medium_type' => 'App\Enums\MediumType',
        'development_start_date' => 'date',
        'is_active' => 'boolean',
    ],
    'classCastCache' => Array &7 [],
    'attributeCastCache' => Array &8 [],
    'dateFormat' => null,
    'appends' => Array &9 [],
    'dispatchesEvents' => Array &10 [],
    'observables' => Array &11 [],
    'relations' => Array &12 [],
    'touches' => Array &13 [],
    'relationAutoloadCallback' => null,
    'relationAutoloadContext' => null,
    'timestamps' => true,
    'usesUniqueIds' => false,
    'hidden' => Array &14 [
        0 => 'password',
        1 => 'remember_token',
    ],
    'visible' => Array &15 [],
    'fillable' => Array &16 [
        0 => 'name',
        1 => 'email',
        2 => 'password',
        3 => 'medium_type',
        4 => 'development_start_date',
        5 => 'medium_notes',
        6 => 'is_active',
    ],
    'guarded' => Array &17 [
        0 => '*',
    ],
    'authPasswordName' => 'password',
    'rememberTokenName' => 'remember_token',
    'roleClass' => null,
    'permissionClass' => null,
    'wildcardClass' => null,
) is null.

  at tests/Feature/ProfileTest.php:79
     75â–•             ->assertSessionHasNoErrors()
     76â–•             ->assertRedirect('/');
     77â–• 
     78â–•         $this->assertGuest();
  âžœ  79â–•         $this->assertNull($user->fresh());
     80â–•     }
     81â–• 
     82â–•     public function test_correct_password_must_be_provided_to_delete_account(): void
     83â–•     {

  1   tests/Feature/ProfileTest.php:79


  Tests:    9 failed, 195 passed (944 assertions)
  Duration: 30.27s

