
   WARN  Metadata found in doc-comment for method Tests\Feature\Livewire\AmaciFormTest::it_renders_successfully(). Metadata in doc-comments is deprecated and will no longer be supported in PHPUnit 12. Update your test code to use attributes instead.

   WARN  Metadata found in doc-comment for method Tests\Feature\Livewire\AmaciFormTest::it_can_create_an_amaci(). Metadata in doc-comments is deprecated and will no longer be supported in PHPUnit 12. Update your test code to use attributes instead.

   WARN  Metadata found in doc-comment for method Tests\Feature\Livewire\AmaciFormTest::it_loads_amacis_on_mount(). Metadata in doc-comments is deprecated and will no longer be supported in PHPUnit 12. Update your test code to use attributes instead.

   WARN  Metadata found in doc-comment for method Tests\Feature\Livewire\AmaciFormTest::it_can_edit_an_amaci(). Metadata in doc-comments is deprecated and will no longer be supported in PHPUnit 12. Update your test code to use attributes instead.

   WARN  Metadata found in doc-comment for method Tests\Feature\Livewire\AmaciFormTest::it_can_delete_an_amaci(). Metadata in doc-comments is deprecated and will no longer be supported in PHPUnit 12. Update your test code to use attributes instead.

   WARN  Metadata found in doc-comment for method Tests\Feature\Livewire\AmaciFormTest::it_can_cancel_editing(). Metadata in doc-comments is deprecated and will no longer be supported in PHPUnit 12. Update your test code to use attributes instead.

   WARN  Metadata found in doc-comment for method Tests\Feature\Livewire\AmaciFormTest::it_cannot_edit_another_users_amaci(). Metadata in doc-comments is deprecated and will no longer be supported in PHPUnit 12. Update your test code to use attributes instead.

   WARN  Metadata found in doc-comment for method Tests\Feature\Livewire\AmaciFormTest::it_cannot_delete_another_users_amaci(). Metadata in doc-comments is deprecated and will no longer be supported in PHPUnit 12. Update your test code to use attributes instead.

   WARN  Metadata found in doc-comment for method Tests\Feature\Livewire\AmaciFormTest::it_validates_date_format(). Metadata in doc-comments is deprecated and will no longer be supported in PHPUnit 12. Update your test code to use attributes instead.

   WARN  Metadata found in doc-comment for method Tests\Feature\Livewire\AmaciFormTest::it_validates_max_length(). Metadata in doc-comments is deprecated and will no longer be supported in PHPUnit 12. Update your test code to use attributes instead.

   WARN  Metadata found in doc-comment for method Tests\Feature\Livewire\AmaciFormTest::it_dispatches_profile_updated_event(). Metadata in doc-comments is deprecated and will no longer be supported in PHPUnit 12. Update your test code to use attributes instead.

   WARN  Metadata found in doc-comment for method Tests\Feature\Livewire\CrossingFormTest::it_renders_successfully(). Metadata in doc-comments is deprecated and will no longer be supported in PHPUnit 12. Update your test code to use attributes instead.

   WARN  Metadata found in doc-comment for method Tests\Feature\Livewire\CrossingFormTest::it_can_create_a_crossing(). Metadata in doc-comments is deprecated and will no longer be supported in PHPUnit 12. Update your test code to use attributes instead.

   WARN  Metadata found in doc-comment for method Tests\Feature\Livewire\CrossingFormTest::it_loads_crossings_on_mount(). Metadata in doc-comments is deprecated and will no longer be supported in PHPUnit 12. Update your test code to use attributes instead.

   WARN  Metadata found in doc-comment for method Tests\Feature\Livewire\CrossingFormTest::it_can_edit_a_crossing(). Metadata in doc-comments is deprecated and will no longer be supported in PHPUnit 12. Update your test code to use attributes instead.

   WARN  Metadata found in doc-comment for method Tests\Feature\Livewire\CrossingFormTest::it_can_delete_a_crossing(). Metadata in doc-comments is deprecated and will no longer be supported in PHPUnit 12. Update your test code to use attributes instead.

   WARN  Metadata found in doc-comment for method Tests\Feature\Livewire\CrossingFormTest::it_can_cancel_editing(). Metadata in doc-comments is deprecated and will no longer be supported in PHPUnit 12. Update your test code to use attributes instead.

   WARN  Metadata found in doc-comment for method Tests\Feature\Livewire\CrossingFormTest::it_cannot_edit_another_users_crossing(). Metadata in doc-comments is deprecated and will no longer be supported in PHPUnit 12. Update your test code to use attributes instead.

   WARN  Metadata found in doc-comment for method Tests\Feature\Livewire\CrossingFormTest::it_cannot_delete_another_users_crossing(). Metadata in doc-comments is deprecated and will no longer be supported in PHPUnit 12. Update your test code to use attributes instead.

   WARN  Metadata found in doc-comment for method Tests\Feature\Livewire\CrossingFormTest::it_validates_required_fields(). Metadata in doc-comments is deprecated and will no longer be supported in PHPUnit 12. Update your test code to use attributes instead.

   WARN  Metadata found in doc-comment for method Tests\Feature\Livewire\CrossingFormTest::it_validates_date_format(). Metadata in doc-comments is deprecated and will no longer be supported in PHPUnit 12. Update your test code to use attributes instead.

   WARN  Metadata found in doc-comment for method Tests\Feature\Livewire\CrossingFormTest::it_validates_max_length(). Metadata in doc-comments is deprecated and will no longer be supported in PHPUnit 12. Update your test code to use attributes instead.

   WARN  Metadata found in doc-comment for method Tests\Feature\Livewire\CrossingFormTest::it_shows_success_message_after_save(). Metadata in doc-comments is deprecated and will no longer be supported in PHPUnit 12. Update your test code to use attributes instead.

   WARN  Metadata found in doc-comment for method Tests\Feature\Livewire\CrossingFormTest::it_dispatches_profile_updated_event(). Metadata in doc-comments is deprecated and will no longer be supported in PHPUnit 12. Update your test code to use attributes instead.

   WARN  Metadata found in doc-comment for method Tests\Feature\Livewire\CrowningFormTest::it_renders_successfully(). Metadata in doc-comments is deprecated and will no longer be supported in PHPUnit 12. Update your test code to use attributes instead.

   WARN  Metadata found in doc-comment for method Tests\Feature\Livewire\CrowningFormTest::it_can_create_a_crowning(). Metadata in doc-comments is deprecated and will no longer be supported in PHPUnit 12. Update your test code to use attributes instead.

   WARN  Metadata found in doc-comment for method Tests\Feature\Livewire\CrowningFormTest::it_can_edit_a_crowning(). Metadata in doc-comments is deprecated and will no longer be supported in PHPUnit 12. Update your test code to use attributes instead.

   WARN  Metadata found in doc-comment for method Tests\Feature\Livewire\CrowningFormTest::it_cannot_edit_another_users_crowning(). Metadata in doc-comments is deprecated and will no longer be supported in PHPUnit 12. Update your test code to use attributes instead.

   WARN  Metadata found in doc-comment for method Tests\Feature\Livewire\CrowningFormTest::it_dispatches_profile_updated_event(). Metadata in doc-comments is deprecated and will no longer be supported in PHPUnit 12. Update your test code to use attributes instead.

   WARN  Metadata found in doc-comment for method Tests\Feature\Livewire\EntityConsecrationFormTest::it_renders_successfully(). Metadata in doc-comments is deprecated and will no longer be supported in PHPUnit 12. Update your test code to use attributes instead.

   WARN  Metadata found in doc-comment for method Tests\Feature\Livewire\EntityConsecrationFormTest::it_can_create_a_consecration(). Metadata in doc-comments is deprecated and will no longer be supported in PHPUnit 12. Update your test code to use attributes instead.

   WARN  Metadata found in doc-comment for method Tests\Feature\Livewire\EntityConsecrationFormTest::it_loads_consecrations_on_mount(). Metadata in doc-comments is deprecated and will no longer be supported in PHPUnit 12. Update your test code to use attributes instead.

   WARN  Metadata found in doc-comment for method Tests\Feature\Livewire\EntityConsecrationFormTest::it_can_edit_a_consecration(). Metadata in doc-comments is deprecated and will no longer be supported in PHPUnit 12. Update your test code to use attributes instead.

   WARN  Metadata found in doc-comment for method Tests\Feature\Livewire\EntityConsecrationFormTest::it_can_delete_a_consecration(). Metadata in doc-comments is deprecated and will no longer be supported in PHPUnit 12. Update your test code to use attributes instead.

   WARN  Metadata found in doc-comment for method Tests\Feature\Livewire\EntityConsecrationFormTest::it_can_cancel_editing(). Metadata in doc-comments is deprecated and will no longer be supported in PHPUnit 12. Update your test code to use attributes instead.

   WARN  Metadata found in doc-comment for method Tests\Feature\Livewire\EntityConsecrationFormTest::it_cannot_edit_another_users_consecration(). Metadata in doc-comments is deprecated and will no longer be supported in PHPUnit 12. Update your test code to use attributes instead.

   WARN  Metadata found in doc-comment for method Tests\Feature\Livewire\EntityConsecrationFormTest::it_cannot_delete_another_users_consecration(). Metadata in doc-comments is deprecated and will no longer be supported in PHPUnit 12. Update your test code to use attributes instead.

   WARN  Metadata found in doc-comment for method Tests\Feature\Livewire\EntityConsecrationFormTest::it_validates_date_format(). Metadata in doc-comments is deprecated and will no longer be supported in PHPUnit 12. Update your test code to use attributes instead.

   WARN  Metadata found in doc-comment for method Tests\Feature\Livewire\EntityConsecrationFormTest::it_validates_max_length(). Metadata in doc-comments is deprecated and will no longer be supported in PHPUnit 12. Update your test code to use attributes instead.

   WARN  Metadata found in doc-comment for method Tests\Feature\Livewire\EntityConsecrationFormTest::it_shows_success_message_after_save(). Metadata in doc-comments is deprecated and will no longer be supported in PHPUnit 12. Update your test code to use attributes instead.

   WARN  Metadata found in doc-comment for method Tests\Feature\Livewire\EntityConsecrationFormTest::it_dispatches_profile_updated_event(). Metadata in doc-comments is deprecated and will no longer be supported in PHPUnit 12. Update your test code to use attributes instead.

   WARN  Metadata found in doc-comment for method Tests\Feature\Livewire\LastTempleFormTest::it_renders_successfully(). Metadata in doc-comments is deprecated and will no longer be supported in PHPUnit 12. Update your test code to use attributes instead.

   WARN  Metadata found in doc-comment for method Tests\Feature\Livewire\LastTempleFormTest::it_can_save_last_temple(). Metadata in doc-comments is deprecated and will no longer be supported in PHPUnit 12. Update your test code to use attributes instead.

   WARN  Metadata found in doc-comment for method Tests\Feature\Livewire\LastTempleFormTest::it_dispatches_profile_updated_event(). Metadata in doc-comments is deprecated and will no longer be supported in PHPUnit 12. Update your test code to use attributes instead.

   WARN  Metadata found in doc-comment for method Tests\Feature\Livewire\RemainingFormsTest::personal_data_form_renders(). Metadata in doc-comments is deprecated and will no longer be supported in PHPUnit 12. Update your test code to use attributes instead.

   WARN  Metadata found in doc-comment for method Tests\Feature\Livewire\RemainingFormsTest::religious_info_form_renders(). Metadata in doc-comments is deprecated and will no longer be supported in PHPUnit 12. Update your test code to use attributes instead.

   WARN  Metadata found in doc-comment for method Tests\Feature\Livewire\RemainingFormsTest::priestly_formation_form_renders(). Metadata in doc-comments is deprecated and will no longer be supported in PHPUnit 12. Update your test code to use attributes instead.

   WARN  Metadata found in doc-comment for method Tests\Feature\Livewire\RemainingFormsTest::force_cross_form_renders(). Metadata in doc-comments is deprecated and will no longer be supported in PHPUnit 12. Update your test code to use attributes instead.

   WARN  Metadata found in doc-comment for method Tests\Feature\Livewire\RemainingFormsTest::head_orisha_form_renders(). Metadata in doc-comments is deprecated and will no longer be supported in PHPUnit 12. Update your test code to use attributes instead.

   WARN  Metadata found in doc-comment for method Tests\Feature\Livewire\RemainingFormsTest::divine_magic_form_renders(). Metadata in doc-comments is deprecated and will no longer be supported in PHPUnit 12. Update your test code to use attributes instead.

   WARN  Metadata found in doc-comment for method Tests\Feature\Livewire\RemainingFormsTest::initiated_orisha_form_renders(). Metadata in doc-comments is deprecated and will no longer be supported in PHPUnit 12. Update your test code to use attributes instead.

   WARN  Metadata found in doc-comment for method Tests\Feature\Livewire\RemainingFormsTest::initiated_mystery_form_renders(). Metadata in doc-comments is deprecated and will no longer be supported in PHPUnit 12. Update your test code to use attributes instead.

   WARN  Metadata found in doc-comment for method Tests\Feature\Livewire\RemainingFormsTest::religious_course_form_renders(). Metadata in doc-comments is deprecated and will no longer be supported in PHPUnit 12. Update your test code to use attributes instead.

   WARN  Metadata found in doc-comment for method Tests\Feature\Livewire\RemainingFormsTest::personal_data_form_dispatches_event(). Metadata in doc-comments is deprecated and will no longer be supported in PHPUnit 12. Update your test code to use attributes instead.

   WARN  Metadata found in doc-comment for method Tests\Feature\Livewire\RemainingFormsTest::religious_info_form_dispatches_event(). Metadata in doc-comments is deprecated and will no longer be supported in PHPUnit 12. Update your test code to use attributes instead.

   WARN  Metadata found in doc-comment for method Tests\Feature\Livewire\RemainingFormsTest::priestly_formation_form_dispatches_event(). Metadata in doc-comments is deprecated and will no longer be supported in PHPUnit 12. Update your test code to use attributes instead.

   WARN  Metadata found in doc-comment for method Tests\Feature\Livewire\WorkGuideFormTest::it_renders_successfully(). Metadata in doc-comments is deprecated and will no longer be supported in PHPUnit 12. Update your test code to use attributes instead.

   WARN  Metadata found in doc-comment for method Tests\Feature\Livewire\WorkGuideFormTest::it_can_save_work_guides(). Metadata in doc-comments is deprecated and will no longer be supported in PHPUnit 12. Update your test code to use attributes instead.

   WARN  Metadata found in doc-comment for method Tests\Feature\Livewire\WorkGuideFormTest::it_validates_max_length(). Metadata in doc-comments is deprecated and will no longer be supported in PHPUnit 12. Update your test code to use attributes instead.

   WARN  Metadata found in doc-comment for method Tests\Feature\Livewire\WorkGuideFormTest::it_dispatches_profile_updated_event(). Metadata in doc-comments is deprecated and will no longer be supported in PHPUnit 12. Update your test code to use attributes instead.

   PASS  Tests\Unit\ExampleTest
  âœ“ that true is true                                                    0.09s  

   PASS  Tests\Unit\Http\Controllers\RoleControllerTest
  âœ“ basic test                                                           0.08s  

   PASS  Tests\Unit\Http\Controllers\UserControllerTest
  âœ“ basic test

   PASS  Tests\Unit\Http\KernelTest
  âœ“ basic test

   PASS  Tests\Unit\Http\Middleware\AdminAccessTest
  âœ“ basic test

   PASS  Tests\Unit\Http\Middleware\AuthenticateTest
  âœ“ basic test

   PASS  Tests\Unit\Http\Middleware\CheckRoleTest
  âœ“ basic test

   PASS  Tests\Unit\Http\Middleware\RedirectIfAuthenticatedTest
  âœ“ basic test

   PASS  Tests\Unit\Http\Middleware\SysAdminAccessTest
  âœ“ basic test

   PASS  Tests\Unit\Http\Requests\Auth\LoginRequestTest
  âœ“ basic test

   PASS  Tests\Unit\Http\Requests\ProfileUpdateRequestTest
  âœ“ basic test

   PASS  Tests\Unit\InvitationModelTest
  âœ“ is valid returns true for pending non expired invitation             5.76s  
  âœ“ is valid returns false for expired invitation                        0.11s  
  âœ“ is valid returns false for cancelled invitation                      0.10s  
  âœ“ is valid returns false for accepted invitation                       0.10s  
  âœ“ mark as accepted updates invitation                                  0.13s  
  âœ“ mark as cancelled updates invitation                                 0.11s  
  âœ“ generate token creates unique token                                  0.11s  

   PASS  Tests\Unit\InvitationServiceTest
  âœ“ mark as accepted method                                              0.11s  
  âœ“ mark as accepted throws exception for invalid invitation             0.12s  
  âœ“ create method sends email                                            0.24s  
  âœ“ create method sets expiration days                                   0.58s  

   PASS  Tests\Unit\Models\UserTest
  âœ“ basic test
  âœ“ user attributes
  âœ“ user role checking

   PASS  Tests\Unit\Providers\AppServiceProviderTest
  âœ“ basic test

   PASS  Tests\Unit\Providers\RoleServiceProviderTest
  âœ“ basic test
  âœ“ blade directives

   PASS  Tests\Unit\Utils\ArrayHelperTest
  âœ“ is associative                                                       0.01s  
  âœ“ filter empty
  âœ“ get
  âœ“ map
  âœ“ implode

   PASS  Tests\Unit\Utils\DateHelperTest
  âœ“ format                                                               0.01s  
  âœ“ diff in days
  âœ“ is after
  âœ“ add days                                                             0.01s  
  âœ“ convert timezone

   PASS  Tests\Unit\Utils\FileHelperTest
  âœ“ get extension                                                        0.01s  
  âœ“ exists
  âœ“ format size
  âœ“ make directory
  âœ“ get mime type                                                        0.02s  

   PASS  Tests\Unit\Utils\FormatHelperTest
  âœ“ currency                                                             0.01s  
  âœ“ percentage
  âœ“ phone
  âœ“ cpf
  âœ“ cnpj
  âœ“ date

   PASS  Tests\Unit\Utils\HtmlHelperTest
  âœ“ escape                                                               0.01s  
  âœ“ link
  âœ“ image
  âœ“ list
  âœ“ table

   PASS  Tests\Unit\Utils\JsonHelperTest
  âœ“ encode                                                               0.01s  
  âœ“ decode                                                               0.01s  
  âœ“ is valid
  âœ“ get last error
  âœ“ format

   PASS  Tests\Unit\Utils\NumberHelperTest
  âœ“ format                                                               0.01s  
  âœ“ ceil
  âœ“ floor
  âœ“ in range
  âœ“ clamp
  âœ“ percentage
  âœ“ random                                                               0.03s  

   PASS  Tests\Unit\Utils\PasswordHelperTest
  âœ“ hash                                                                 0.20s  
  âœ“ verify                                                               0.54s  
  âœ“ needs rehash                                                         0.22s  
  âœ“ generate                                                             0.01s  
  âœ“ strength
  âœ“ is secure

   PASS  Tests\Unit\Utils\StringHelperTest
  âœ“ title case                                                           0.01s  
  âœ“ remove special chars
  âœ“ limit string
  âœ“ slug
  âœ“ contains with string
  âœ“ contains with array

   PASS  Tests\Unit\Utils\UrlHelperTest
  âœ“ is valid                                                             0.01s  
  âœ“ get scheme
  âœ“ get host
  âœ“ get path
  âœ“ get query
  âœ“ get query param
  âœ“ build query

   PASS  Tests\Unit\Utils\ValidationHelperTest
  âœ“ is email                                                             0.01s  
  âœ“ is url
  âœ“ is alpha
  âœ“ is alpha numeric
  âœ“ is numeric
  âœ“ is date

   PASS  Tests\Unit\View\Components\AppLayoutTest
  âœ“ basic test

   PASS  Tests\Unit\View\Components\GuestLayoutTest
  âœ“ basic test

   PASS  Tests\Feature\Admin\UserControllerTest
  âœ“ admin can view users list                                            0.91s  
  âœ“ admin can access user create form                                    0.28s  
  âœ“ admin can create new user                                            0.30s  
  âœ“ admin can edit existing user                                         0.22s  
  âœ“ admin can update existing user                                       0.13s  
  âœ“ admin can delete user                                                0.12s  
  âœ“ cannot delete system admin user                                      0.12s  

   PASS  Tests\Feature\Auth\AuthenticationTest
  âœ“ login screen can be rendered                                         0.17s  
  âœ“ users can authenticate using the login screen                        0.16s  
  âœ“ users can not authenticate with invalid password                     0.36s  
  âœ“ users can logout                                                     0.16s  

   PASS  Tests\Feature\Auth\EmailVerificationTest
  âœ“ email verification screen can be rendered                            0.14s  
  âœ“ email can be verified                                                0.17s  
  âœ“ email is not verified with invalid hash                              0.18s  

   PASS  Tests\Feature\Auth\PasswordConfirmationTest
  âœ“ confirm password screen can be rendered                              0.16s  
  âœ“ password can be confirmed                                            0.11s  
  âœ“ password is not confirmed with invalid password                      0.32s  

   PASS  Tests\Feature\Auth\PasswordResetTest
  âœ“ reset password link screen can be rendered                           0.17s  
  âœ“ reset password link can be requested                                 0.41s  
  âœ“ reset password screen can be rendered                                0.39s  
  âœ“ password can be reset with valid token                               0.35s  

   PASS  Tests\Feature\Auth\PasswordUpdateTest
  âœ“ password can be updated                                              0.12s  
  âœ“ correct password must be provided to update password                 0.12s  

   PASS  Tests\Feature\Auth\PermissionTest
  âœ“ user with view permission can see users list                         0.14s  
  âœ“ admin can see admin menu                                             0.19s  
  âœ“ sysadmin can access any permission                                   0.15s  
  âœ“ regular user cannot access unassigned permissions                    0.12s  

   FAIL  Tests\Feature\Auth\RegistrationTest
  â¨¯ registration screen can be rendered                                  0.29s  
  â¨¯ new users can register                                               0.17s  

   PASS  Tests\Feature\Auth\RoleMiddlewareTest
  âœ“ unauthenticated user is redirected to login                          0.14s  
  âœ“ sysadmin can access admin area                                       0.14s  
  âœ“ admin can access users area                                          0.14s  
  âœ“ regular user cannot access admin area                                0.12s  
  âœ“ user without specific role cannot access restricted area             0.13s  

   PASS  Tests\Feature\ExampleTest
  âœ“ the application returns a successful response                        0.21s  

   PASS  Tests\Feature\InvitationAccessTest
  âœ“ admin can access invitations area                                    0.15s  
  âœ“ sysadmin can access invitations area                                 0.14s  
  âœ“ regular user cannot access invitations area                          0.11s  

   PASS  Tests\Feature\InvitationFunctionalityTest
  âœ“ admin can create invitation                                          0.17s  
  âœ“ admin can create anonymous invitation                                0.14s  
  âœ“ invited user receives user role automatically                        0.21s  
  âœ“ admin can resend invitation                                          0.12s  
  âœ“ admin can cancel invitation                                          0.19s  
  âœ“ invitation email validation                                          0.18s  
  âœ“ admin can view invitation details                                    0.19s  

   PASS  Tests\Feature\Livewire\AmaciFormTest
  âœ“ it renders successfully                                              0.46s  
  âœ“ it can create an amaci                                               0.29s  
  âœ“ it loads amacis on mount                                             0.17s  
  âœ“ it can edit an amaci                                                 0.21s  
  âœ“ it can delete an amaci                                               0.18s  
  âœ“ it can cancel editing                                                0.17s  
  âœ“ it cannot edit another users amaci                                   0.18s  
  âœ“ it cannot delete another users amaci                                 0.16s  
  âœ“ it validates date format                                             0.17s  
  âœ“ it validates max length                                              0.23s  
  âœ“ it dispatches profile updated event                                  0.23s  

   PASS  Tests\Feature\Livewire\CrossingFormTest
  âœ“ it renders successfully                                              0.18s  
  âœ“ it can create a crossing                                             0.19s  
  âœ“ it loads crossings on mount                                          0.16s  
  âœ“ it can edit a crossing                                               0.20s  
  âœ“ it can delete a crossing                                             0.16s  
  âœ“ it can cancel editing                                                0.17s  
  âœ“ it cannot edit another users crossing                                0.17s  
  âœ“ it cannot delete another users crossing                              0.16s  
  âœ“ it validates required fields                                         0.19s  
  âœ“ it validates date format                                             0.17s  
  âœ“ it validates max length                                              0.17s  
  âœ“ it shows success message after save                                  0.17s  
  âœ“ it dispatches profile updated event                                  0.18s  

   PASS  Tests\Feature\Livewire\CrowningFormTest
  âœ“ it renders successfully                                              0.16s  
  âœ“ it can create a crowning                                             0.19s  
  âœ“ it can edit a crowning                                               0.17s  
  âœ“ it cannot edit another users crowning                                0.15s  
  âœ“ it dispatches profile updated event                                  0.18s  

   PASS  Tests\Feature\Livewire\EntityConsecrationFormTest
  âœ“ it renders successfully                                              0.17s  
  âœ“ it can create a consecration                                         0.19s  
  âœ“ it loads consecrations on mount                                      0.16s  
  âœ“ it can edit a consecration                                           0.19s  
  âœ“ it can delete a consecration                                         0.17s  
  âœ“ it can cancel editing                                                0.18s  
  âœ“ it cannot edit another users consecration                            0.16s  
  âœ“ it cannot delete another users consecration                          0.16s  
  âœ“ it validates date format                                             0.18s  
  âœ“ it validates max length                                              0.19s  
  âœ“ it shows success message after save                                  0.17s  
  âœ“ it dispatches profile updated event                                  0.18s  

   PASS  Tests\Feature\Livewire\LastTempleFormTest
  âœ“ it renders successfully                                              0.18s  
  âœ“ it can save last temple                                              0.18s  
  âœ“ it dispatches profile updated event                                  0.17s  

   PASS  Tests\Feature\Livewire\RemainingFormsTest
  âœ“ personal data form renders                                           0.16s  
  âœ“ religious info form renders                                          0.16s  
  âœ“ priestly formation form renders                                      0.17s  
  âœ“ force cross form renders                                             0.15s  
  âœ“ head orisha form renders                                             0.17s  
  âœ“ divine magic form renders                                            0.16s  
  âœ“ initiated orisha form renders                                        0.16s  
  âœ“ initiated mystery form renders                                       0.16s  
  âœ“ religious course form renders                                        0.17s  
  âœ“ personal data form dispatches event                                  0.16s  
  âœ“ religious info form dispatches event                                 0.16s  
  âœ“ priestly formation form dispatches event                             0.17s  

   PASS  Tests\Feature\Livewire\WorkGuideFormTest
  âœ“ it renders successfully                                              0.16s  
  âœ“ it can save work guides                                              0.18s  
  âœ“ it validates max length                                              0.18s  
  âœ“ it dispatches profile updated event                                  0.17s  

   PASS  Tests\Feature\Models\UserTest
  âœ“ can create user                                                      0.10s  

   PASS  Tests\Feature\ProfileTest
  âœ“ profile page is displayed                                            0.35s  
  âœ“ profile information can be updated                                   0.14s  
  âœ“ email verification status is unchanged when the email address is unâ€¦ 0.12s  
  âœ“ user can delete their account                                        0.12s  
  âœ“ correct password must be provided to delete account                  0.12s  
  â”€â”€â”€â”€â”€â”€â”€â”€â”€â”€â”€â”€â”€â”€â”€â”€â”€â”€â”€â”€â”€â”€â”€â”€â”€â”€â”€â”€â”€â”€â”€â”€â”€â”€â”€â”€â”€â”€â”€â”€â”€â”€â”€â”€â”€â”€â”€â”€â”€â”€â”€â”€â”€â”€â”€â”€â”€â”€â”€â”€â”€â”€â”€â”€â”€â”€â”€â”€â”€â”€â”€â”€â”€â”€â”€â”€  
   FAILED  Tests\Feature\Auth\RegistrationTest > registratioâ€¦  QueryException   
  SQLSTATE[HY000]: General error: 1364 Field 'invited_by' doesn't have a default value (Connection: mysql, SQL: insert into `invitations` (`email`, `token`, `expires_at`, `updated_at`, `created_at`) values (test@example.com, valid-token, 2025-12-03 19:45:49, 2025-12-02 19:45:49, 2025-12-02 19:45:49))

  at vendor/laravel/framework/src/Illuminate/Database/MySqlConnection.php:53
     49â–•             $this->bindValues($statement, $this->prepareBindings($bindings));
     50â–• 
     51â–•             $this->recordsHaveBeenModified();
     52â–• 
  âžœ  53â–•             $result = $statement->execute();
     54â–• 
     55â–•             $this->lastInsertId = $this->getPdo()->lastInsertId($sequence);
     56â–• 
     57â–•             return $result;

      [2m+16 vendor frames [22m
  17  tests/Feature/Auth/RegistrationTest.php:14

  â”€â”€â”€â”€â”€â”€â”€â”€â”€â”€â”€â”€â”€â”€â”€â”€â”€â”€â”€â”€â”€â”€â”€â”€â”€â”€â”€â”€â”€â”€â”€â”€â”€â”€â”€â”€â”€â”€â”€â”€â”€â”€â”€â”€â”€â”€â”€â”€â”€â”€â”€â”€â”€â”€â”€â”€â”€â”€â”€â”€â”€â”€â”€â”€â”€â”€â”€â”€â”€â”€â”€â”€â”€â”€â”€â”€  
   FAILED  Tests\Feature\Auth\RegistrationTest > new users câ€¦  QueryException   
  SQLSTATE[HY000]: General error: 1364 Field 'invited_by' doesn't have a default value (Connection: mysql, SQL: insert into `invitations` (`email`, `token`, `expires_at`, `updated_at`, `created_at`) values (test@example.com, valid-token, 2025-12-03 19:45:49, 2025-12-02 19:45:49, 2025-12-02 19:45:49))

  at vendor/laravel/framework/src/Illuminate/Database/MySqlConnection.php:53
     49â–•             $this->bindValues($statement, $this->prepareBindings($bindings));
     50â–• 
     51â–•             $this->recordsHaveBeenModified();
     52â–• 
  âžœ  53â–•             $result = $statement->execute();
     54â–• 
     55â–•             $this->lastInsertId = $this->getPdo()->lastInsertId($sequence);
     56â–• 
     57â–•             return $result;

      [2m+16 vendor frames [22m
  17  tests/Feature/Auth/RegistrationTest.php:27


  Tests:    2 failed, 202 passed (944 assertions)
  Duration: 31.85s

